=> creating output/cityscapes/seg_hrnet_w48_train_ohem_512x1024_sgd_lr1e-2_wd5e-4_bs_12_epoch484
=> creating output/cityscapes/seg_hrnet_w48_train_ohem_512x1024_sgd_lr1e-2_wd5e-4_bs_12_epoch484
=> creating output/cityscapes/seg_hrnet_w48_train_ohem_512x1024_sgd_lr1e-2_wd5e-4_bs_12_epoch484
=> creating log/cityscapes/branched_seg_hrnet/seg_hrnet_w48_train_ohem_512x1024_sgd_lr1e-2_wd5e-4_bs_12_epoch484_2022-03-24-20-24
=> creating log/cityscapes/branched_seg_hrnet/seg_hrnet_w48_train_ohem_512x1024_sgd_lr1e-2_wd5e-4_bs_12_epoch484_2022-03-24-20-24
=> creating log/cityscapes/branched_seg_hrnet/seg_hrnet_w48_train_ohem_512x1024_sgd_lr1e-2_wd5e-4_bs_12_epoch484_2022-03-24-20-24
Namespace(cfg='experiments/cityscapes/seg_hrnet_w48_train_ohem_512x1024_sgd_lr1e-2_wd5e-4_bs_12_epoch484.yaml', local_rank=1, opts=[])
Namespace(cfg='experiments/cityscapes/seg_hrnet_w48_train_ohem_512x1024_sgd_lr1e-2_wd5e-4_bs_12_epoch484.yaml', local_rank=3, opts=[])
Namespace(cfg='experiments/cityscapes/seg_hrnet_w48_train_ohem_512x1024_sgd_lr1e-2_wd5e-4_bs_12_epoch484.yaml', local_rank=2, opts=[])
AUTO_RESUME: False
CUDNN:
  BENCHMARK: True
  DETERMINISTIC: False
  ENABLED: True
DATASET:
  DATASET: cityscapes
  EXTRA_TRAIN_SET: 
  NUM_CLASSES: 19
  ROOT: data/
  TEST_SET: list/cityscapes/val.lst
  TRAIN_SET: list/cityscapes/train.lst
DEBUG:
  DEBUG: False
  SAVE_BATCH_IMAGES_GT: False
  SAVE_BATCH_IMAGES_PRED: False
  SAVE_HEATMAPS_GT: False
  SAVE_HEATMAPS_PRED: False
GPUS: (0, 1, 2, 3)
LOG_DIR: log
LOSS:
  CLASS_BALANCE: True
  OHEMKEEP: 131072
  OHEMTHRES: 0.9
  USE_OHEM: True
MODEL:
  EXTRA:
    FINAL_CONV_KERNEL: 1
    FINAL_CONV_SEED: 1
    STAGE1:
      BLOCK: BOTTLENECK
      FUSE_METHOD: SUM
      NUM_BLOCKS: [4]
      NUM_CHANNELS: [64]
      NUM_MODULES: 1
      NUM_RANCHES: 1
    STAGE2:
      BLOCK: BASIC
      FUSE_METHOD: SUM
      NUM_BLOCKS: [4, 4]
      NUM_BRANCHES: 2
      NUM_CHANNELS: [48, 96]
      NUM_MODULES: 1
    STAGE3:
      BLOCK: BASIC
      FUSE_METHOD: SUM
      NUM_BLOCKS: [4, 4, 4]
      NUM_BRANCHES: 3
      NUM_CHANNELS: [48, 96, 192]
      NUM_MODULES: 4
    STAGE4:
      BLOCK: BASIC
      FUSE_METHOD: SUM
      NUM_BLOCKS: [4, 4, 4, 4]
      NUM_BRANCHES: 4
      NUM_CHANNELS: [48, 96, 192, 384]
      NUM_MODULES: 3
  NAME: branched_seg_hrnet
  PRETRAINED: pretrained_models/hrnetv2_w48_imagenet_pretrained.pth
OUTPUT_DIR: output
PIN_MEMORY: True
PRINT_FREQ: 100
RANK: 0
TEST:
  BASE_SIZE: 2048
  BATCH_SIZE_PER_GPU: 4
  CENTER_CROP_TEST: False
  FLIP_TEST: False
  IMAGE_SIZE: [2048, 1024]
  MODEL_FILE: 
  MULTI_SCALE: False
  NUM_SAMPLES: 0
  SCALE_LIST: [1]
TRAIN:
  BASE_SIZE: 2048
  BATCH_SIZE_PER_GPU: 3
  BEGIN_EPOCH: 0
  DOWNSAMPLERATE: 1
  END_EPOCH: 484
  EXTRA_EPOCH: 0
  EXTRA_LR: 0.001
  FLIP: True
  IGNORE_LABEL: 255
  IMAGE_SIZE: [1024, 512]
  LR: 0.01
  LR_FACTOR: 0.1
  LR_STEP: [90, 110]
  MOMENTUM: 0.9
  MULTI_SCALE: True
  NESTEROV: False
  NUM_SAMPLES: 0
  OPTIMIZER: sgd
  RESUME: True
  SCALE_FACTOR: 16
  SHUFFLE: True
  WD: 0.0005
WORKERS: 4
AUTO_RESUME: False
CUDNN:
  BENCHMARK: True
  DETERMINISTIC: False
  ENABLED: True
DATASET:
  DATASET: cityscapes
  EXTRA_TRAIN_SET: 
  NUM_CLASSES: 19
  ROOT: data/
  TEST_SET: list/cityscapes/val.lst
  TRAIN_SET: list/cityscapes/train.lst
DEBUG:
  DEBUG: False
  SAVE_BATCH_IMAGES_GT: False
  SAVE_BATCH_IMAGES_PRED: False
  SAVE_HEATMAPS_GT: False
  SAVE_HEATMAPS_PRED: False
GPUS: (0, 1, 2, 3)
LOG_DIR: log
LOSS:
  CLASS_BALANCE: True
  OHEMKEEP: 131072
  OHEMTHRES: 0.9
  USE_OHEM: True
MODEL:
  EXTRA:
    FINAL_CONV_KERNEL: 1
    FINAL_CONV_SEED: 1
    STAGE1:
      BLOCK: BOTTLENECK
      FUSE_METHOD: SUM
      NUM_BLOCKS: [4]
      NUM_CHANNELS: [64]
      NUM_MODULES: 1
      NUM_RANCHES: 1
    STAGE2:
      BLOCK: BASIC
      FUSE_METHOD: SUM
      NUM_BLOCKS: [4, 4]
      NUM_BRANCHES: 2
      NUM_CHANNELS: [48, 96]
      NUM_MODULES: 1
    STAGE3:
      BLOCK: BASIC
      FUSE_METHOD: SUM
      NUM_BLOCKS: [4, 4, 4]
      NUM_BRANCHES: 3
      NUM_CHANNELS: [48, 96, 192]
      NUM_MODULES: 4
    STAGE4:
      BLOCK: BASIC
      FUSE_METHOD: SUM
      NUM_BLOCKS: [4, 4, 4, 4]
      NUM_BRANCHES: 4
      NUM_CHANNELS: [48, 96, 192, 384]
      NUM_MODULES: 3
  NAME: branched_seg_hrnet
  PRETRAINED: pretrained_models/hrnetv2_w48_imagenet_pretrained.pth
OUTPUT_DIR: output
PIN_MEMORY: True
PRINT_FREQ: 100
RANK: 0
TEST:
  BASE_SIZE: 2048
  BATCH_SIZE_PER_GPU: 4
  CENTER_CROP_TEST: False
  FLIP_TEST: False
  IMAGE_SIZE: [2048, 1024]
  MODEL_FILE: 
  MULTI_SCALE: False
  NUM_SAMPLES: 0
  SCALE_LIST: [1]
TRAIN:
  BASE_SIZE: 2048
  BATCH_SIZE_PER_GPU: 3
  BEGIN_EPOCH: 0
  DOWNSAMPLERATE: 1
  END_EPOCH: 484
  EXTRA_EPOCH: 0
  EXTRA_LR: 0.001
  FLIP: True
  IGNORE_LABEL: 255
  IMAGE_SIZE: [1024, 512]
  LR: 0.01
  LR_FACTOR: 0.1
  LR_STEP: [90, 110]
  MOMENTUM: 0.9
  MULTI_SCALE: True
  NESTEROV: False
  NUM_SAMPLES: 0
  OPTIMIZER: sgd
  RESUME: True
  SCALE_FACTOR: 16
  SHUFFLE: True
  WD: 0.0005
WORKERS: 4AUTO_RESUME: False
CUDNN:
  BENCHMARK: True
  DETERMINISTIC: False
  ENABLED: True
DATASET:
  DATASET: cityscapes
  EXTRA_TRAIN_SET: 
  NUM_CLASSES: 19
  ROOT: data/
  TEST_SET: list/cityscapes/val.lst
  TRAIN_SET: list/cityscapes/train.lst
DEBUG:
  DEBUG: False
  SAVE_BATCH_IMAGES_GT: False
  SAVE_BATCH_IMAGES_PRED: False
  SAVE_HEATMAPS_GT: False
  SAVE_HEATMAPS_PRED: False
GPUS: (0, 1, 2, 3)
LOG_DIR: log
LOSS:
  CLASS_BALANCE: True
  OHEMKEEP: 131072
  OHEMTHRES: 0.9
  USE_OHEM: True
MODEL:
  EXTRA:
    FINAL_CONV_KERNEL: 1
    FINAL_CONV_SEED: 1
    STAGE1:
      BLOCK: BOTTLENECK
      FUSE_METHOD: SUM
      NUM_BLOCKS: [4]
      NUM_CHANNELS: [64]
      NUM_MODULES: 1
      NUM_RANCHES: 1
    STAGE2:
      BLOCK: BASIC
      FUSE_METHOD: SUM
      NUM_BLOCKS: [4, 4]
      NUM_BRANCHES: 2
      NUM_CHANNELS: [48, 96]
      NUM_MODULES: 1
    STAGE3:
      BLOCK: BASIC
      FUSE_METHOD: SUM
      NUM_BLOCKS: [4, 4, 4]
      NUM_BRANCHES: 3
      NUM_CHANNELS: [48, 96, 192]
      NUM_MODULES: 4
    STAGE4:
      BLOCK: BASIC
      FUSE_METHOD: SUM
      NUM_BLOCKS: [4, 4, 4, 4]
      NUM_BRANCHES: 4
      NUM_CHANNELS: [48, 96, 192, 384]
      NUM_MODULES: 3
  NAME: branched_seg_hrnet
  PRETRAINED: pretrained_models/hrnetv2_w48_imagenet_pretrained.pth
OUTPUT_DIR: output
PIN_MEMORY: True
PRINT_FREQ: 100
RANK: 0
TEST:
  BASE_SIZE: 2048
  BATCH_SIZE_PER_GPU: 4
  CENTER_CROP_TEST: False
  FLIP_TEST: False
  IMAGE_SIZE: [2048, 1024]
  MODEL_FILE: 
  MULTI_SCALE: False
  NUM_SAMPLES: 0
  SCALE_LIST: [1]
TRAIN:
  BASE_SIZE: 2048
  BATCH_SIZE_PER_GPU: 3
  BEGIN_EPOCH: 0
  DOWNSAMPLERATE: 1
  END_EPOCH: 484
  EXTRA_EPOCH: 0
  EXTRA_LR: 0.001
  FLIP: True
  IGNORE_LABEL: 255
  IMAGE_SIZE: [1024, 512]
  LR: 0.01
  LR_FACTOR: 0.1
  LR_STEP: [90, 110]
  MOMENTUM: 0.9
  MULTI_SCALE: True
  NESTEROV: False
  NUM_SAMPLES: 0
  OPTIMIZER: sgd
  RESUME: True
  SCALE_FACTOR: 16
  SHUFFLE: True
  WD: 0.0005
WORKERS: 4

=> creating output/cityscapes/seg_hrnet_w48_train_ohem_512x1024_sgd_lr1e-2_wd5e-4_bs_12_epoch484
=> creating log/cityscapes/branched_seg_hrnet/seg_hrnet_w48_train_ohem_512x1024_sgd_lr1e-2_wd5e-4_bs_12_epoch484_2022-03-24-20-24
Namespace(cfg='experiments/cityscapes/seg_hrnet_w48_train_ohem_512x1024_sgd_lr1e-2_wd5e-4_bs_12_epoch484.yaml', local_rank=0, opts=[])
AUTO_RESUME: False
CUDNN:
  BENCHMARK: True
  DETERMINISTIC: False
  ENABLED: True
DATASET:
  DATASET: cityscapes
  EXTRA_TRAIN_SET: 
  NUM_CLASSES: 19
  ROOT: data/
  TEST_SET: list/cityscapes/val.lst
  TRAIN_SET: list/cityscapes/train.lst
DEBUG:
  DEBUG: False
  SAVE_BATCH_IMAGES_GT: False
  SAVE_BATCH_IMAGES_PRED: False
  SAVE_HEATMAPS_GT: False
  SAVE_HEATMAPS_PRED: False
GPUS: (0, 1, 2, 3)
LOG_DIR: log
LOSS:
  CLASS_BALANCE: True
  OHEMKEEP: 131072
  OHEMTHRES: 0.9
  USE_OHEM: True
MODEL:
  EXTRA:
    FINAL_CONV_KERNEL: 1
    FINAL_CONV_SEED: 1
    STAGE1:
      BLOCK: BOTTLENECK
      FUSE_METHOD: SUM
      NUM_BLOCKS: [4]
      NUM_CHANNELS: [64]
      NUM_MODULES: 1
      NUM_RANCHES: 1
    STAGE2:
      BLOCK: BASIC
      FUSE_METHOD: SUM
      NUM_BLOCKS: [4, 4]
      NUM_BRANCHES: 2
      NUM_CHANNELS: [48, 96]
      NUM_MODULES: 1
    STAGE3:
      BLOCK: BASIC
      FUSE_METHOD: SUM
      NUM_BLOCKS: [4, 4, 4]
      NUM_BRANCHES: 3
      NUM_CHANNELS: [48, 96, 192]
      NUM_MODULES: 4
    STAGE4:
      BLOCK: BASIC
      FUSE_METHOD: SUM
      NUM_BLOCKS: [4, 4, 4, 4]
      NUM_BRANCHES: 4
      NUM_CHANNELS: [48, 96, 192, 384]
      NUM_MODULES: 3
  NAME: branched_seg_hrnet
  PRETRAINED: pretrained_models/hrnetv2_w48_imagenet_pretrained.pth
OUTPUT_DIR: output
PIN_MEMORY: True
PRINT_FREQ: 100
RANK: 0
TEST:
  BASE_SIZE: 2048
  BATCH_SIZE_PER_GPU: 4
  CENTER_CROP_TEST: False
  FLIP_TEST: False
  IMAGE_SIZE: [2048, 1024]
  MODEL_FILE: 
  MULTI_SCALE: False
  NUM_SAMPLES: 0
  SCALE_LIST: [1]
TRAIN:
  BASE_SIZE: 2048
  BATCH_SIZE_PER_GPU: 3
  BEGIN_EPOCH: 0
  DOWNSAMPLERATE: 1
  END_EPOCH: 484
  EXTRA_EPOCH: 0
  EXTRA_LR: 0.001
  FLIP: True
  IGNORE_LABEL: 255
  IMAGE_SIZE: [1024, 512]
  LR: 0.01
  LR_FACTOR: 0.1
  LR_STEP: [90, 110]
  MOMENTUM: 0.9
  MULTI_SCALE: True
  NESTEROV: False
  NUM_SAMPLES: 0
  OPTIMIZER: sgd
  RESUME: True
  SCALE_FACTOR: 16
  SHUFFLE: True
  WD: 0.0005
WORKERS: 4
=> init weights from normal distribution
=> init weights from normal distribution
=> init weights from normal distribution
=> init weights from normal distribution
=> loading pretrained model pretrained_models/hrnetv2_w48_imagenet_pretrained.pth
=> loading pretrained model pretrained_models/hrnetv2_w48_imagenet_pretrained.pth
=> loading pretrained model pretrained_models/hrnetv2_w48_imagenet_pretrained.pth
=> loading pretrained model pretrained_models/hrnetv2_w48_imagenet_pretrained.pth
/scratch_net/petzi/salexandropo/anaconda3/envs/train/lib/python3.6/site-packages/torch/nn/functional.py:2457: UserWarning: nn.functional.upsample is deprecated. Use nn.functional.interpolate instead.
  warnings.warn("nn.functional.upsample is deprecated. Use nn.functional.interpolate instead.")

Total Parameters: 71,670,358
----------------------------------------------------------------------------------------------------------------------------------
Total Multiply Adds (For Convolution and Linear Layers only): 195.955078125 GFLOPs
----------------------------------------------------------------------------------------------------------------------------------
Number of Layers
Conv2d : 357 layers   BatchNorm2d : 355 layers   ReLU : 293 layers   Bottleneck : 4 layers   BasicBlock : 104 layers   HighResolutionModule : 8 layers   Tanh : 1 layers   
/scratch_net/petzi/salexandropo/anaconda3/envs/train/lib/python3.6/site-packages/torch/nn/functional.py:2457: UserWarning: nn.functional.upsample is deprecated. Use nn.functional.interpolate instead.
  warnings.warn("nn.functional.upsample is deprecated. Use nn.functional.interpolate instead.")
/scratch_net/petzi/salexandropo/anaconda3/envs/train/lib/python3.6/site-packages/torch/nn/functional.py:2457: UserWarning: nn.functional.upsample is deprecated. Use nn.functional.interpolate instead.
  warnings.warn("nn.functional.upsample is deprecated. Use nn.functional.interpolate instead.")
/scratch_net/petzi/salexandropo/anaconda3/envs/train/lib/python3.6/site-packages/torch/nn/functional.py:2457: UserWarning: nn.functional.upsample is deprecated. Use nn.functional.interpolate instead.
  warnings.warn("nn.functional.upsample is deprecated. Use nn.functional.interpolate instead.")
f tensor([[0.5066, 0.5057, 0.5048,  ..., 0.4984, 0.5004, 0.5025],
        [0.5063, 0.5053, 0.5043,  ..., 0.4990, 0.5009, 0.5029],
        [0.5061, 0.5050, 0.5039,  ..., 0.4996, 0.5015, 0.5033],
        ...,
        [0.5126, 0.5118, 0.5110,  ..., 0.5014, 0.5011, 0.5007],
        [0.5116, 0.5109, 0.5102,  ..., 0.5009, 0.5008, 0.5008],
        [0.5106, 0.5100, 0.5094,  ..., 0.5004, 0.5006, 0.5009]],
       device='cuda:0', grad_fn=<SelectBackward>)
tensor([[   3,    4,    5,  ..., 1021, 1022, 1023],
        [   3,    4,    5,  ..., 1022, 1023, 1023],
        [   3,    4,    5,  ..., 1022, 1023, 1023],
        ...,
        [   2,    3,    3,  ..., 1022, 1022, 1023],
        [   2,    2,    3,  ..., 1022, 1023, 1023],
        [   1,    2,    3,  ..., 1022, 1023, 1023]], device='cuda:0')
f tensor([[0.5063, 0.5055, 0.5047,  ..., 0.5138, 0.5163, 0.5189],
        [0.5063, 0.5053, 0.5042,  ..., 0.5130, 0.5149, 0.5168],
        [0.5064, 0.5051, 0.5037,  ..., 0.5123, 0.5134, 0.5146],
        ...,
        [0.5190, 0.5182, 0.5174,  ..., 0.5043, 0.5050, 0.5057],
        [0.5193, 0.5183, 0.5173,  ..., 0.5038, 0.5045, 0.5051],
        [0.5195, 0.5183, 0.5172,  ..., 0.5033, 0.5040, 0.5046]],
       device='cuda:2', grad_fn=<SelectBackward>)
tensor([[  6,   6,   6,  ...,   1,   1,   1],
        [  7,   7,   7,  ...,   3,   3,   3],
        [  8,   8,   7,  ...,   4,   4,   4],
        ...,
        [511, 511, 511,  ..., 511, 511, 511],
        [511, 511, 511,  ..., 511, 511, 511],
        [511, 511, 511,  ..., 511, 511, 511]], device='cuda:0')
tensor([[   1,    2,    3,  ..., 1022, 1023, 1023],
        [   1,    2,    3,  ..., 1022, 1023, 1023],
        [   1,    3,    4,  ..., 1022, 1023, 1023],
        ...,
        [   2,    3,    4,  ..., 1019, 1020, 1021],
        [   2,    3,    4,  ..., 1019, 1020, 1021],
        [   2,    3,    4,  ..., 1019, 1020, 1021]], device='cuda:2')
f tensor([[0.5000, 0.5013, 0.5026,  ..., 0.5110, 0.5100, 0.5090],
        [0.5005, 0.5014, 0.5023,  ..., 0.5095, 0.5088, 0.5080],
        [0.5010, 0.5016, 0.5021,  ..., 0.5080, 0.5075, 0.5071],
        ...,
        [0.5098, 0.5069, 0.5040,  ..., 0.5060, 0.5073, 0.5086],
        [0.5112, 0.5084, 0.5056,  ..., 0.5046, 0.5062, 0.5078],
        [0.5126, 0.5099, 0.5071,  ..., 0.5032, 0.5051, 0.5070]],
       device='cuda:3', grad_fn=<SelectBackward>)
tensor([[  5,   5,   6,  ...,   5,   5,   5],
        [  6,   6,   7,  ...,   6,   6,   5],
        [  7,   8,   8,  ...,   7,   6,   6],
        ...,
        [511, 511, 511,  ..., 508, 508, 509],
        [511, 511, 511,  ..., 509, 510, 510],
        [511, 511, 511,  ..., 511, 511, 511]], device='cuda:2')
tensor([[   1,    2,    3,  ..., 1021, 1022, 1023],
        [   1,    2,    3,  ..., 1021, 1023, 1023],
        [   1,    2,    3,  ..., 1021, 1023, 1023],
        ...,
        [   0,    1,    2,  ..., 1020, 1021, 1021],
        [   0,    1,    2,  ..., 1020, 1020, 1021],
        [   0,    1,    2,  ..., 1019, 1020, 1020]], device='cuda:3')
tensor([[  4,   4,   4,  ...,   3,   3,   2],
        [  5,   5,   5,  ...,   4,   4,   4],
        [  5,   6,   6,  ...,   5,   5,   5],
        ...,
        [511, 511, 511,  ..., 510, 510, 510],
        [511, 511, 511,  ..., 511, 511, 511],
        [511, 511, 511,  ..., 511, 511, 511]], device='cuda:3')
f tensor([[0.5091, 0.5081, 0.5071,  ..., 0.4900, 0.4888, 0.4875],
        [0.5083, 0.5074, 0.5066,  ..., 0.4898, 0.4888, 0.4878],
        [0.5075, 0.5067, 0.5060,  ..., 0.4896, 0.4889, 0.4881],
        ...,
        [0.5222, 0.5225, 0.5227,  ..., 0.4996, 0.4998, 0.4999],
        [0.5237, 0.5239, 0.5240,  ..., 0.4994, 0.4996, 0.4998],
        [0.5252, 0.5253, 0.5253,  ..., 0.4992, 0.4994, 0.4996]],
       device='cuda:3', grad_fn=<SelectBackward>)
f tensor([[0.5016, 0.5007, 0.4999,  ..., 0.5035, 0.5040, 0.5044],
        [0.5009, 0.4996, 0.4984,  ..., 0.5026, 0.5031, 0.5036],
        [0.5002, 0.4985, 0.4969,  ..., 0.5018, 0.5023, 0.5028],
        ...,
        [0.5068, 0.5064, 0.5059,  ..., 0.4903, 0.4898, 0.4894],
        [0.5052, 0.5051, 0.5051,  ..., 0.4926, 0.4920, 0.4913],
        [0.5035, 0.5039, 0.5043,  ..., 0.4950, 0.4941, 0.4932]],
       device='cuda:0', grad_fn=<SelectBackward>)
f tensor([[0.4969, 0.4979, 0.4989,  ..., 0.5058, 0.5050, 0.5042],
        [0.4981, 0.4986, 0.4991,  ..., 0.5055, 0.5052, 0.5048],
        [0.4994, 0.4994, 0.4994,  ..., 0.5053, 0.5054, 0.5055],
        ...,
        [0.5138, 0.5132, 0.5126,  ..., 0.5045, 0.5067, 0.5088],
        [0.5136, 0.5131, 0.5126,  ..., 0.5054, 0.5073, 0.5092],
        [0.5135, 0.5131, 0.5126,  ..., 0.5063, 0.5079, 0.5095]],
       device='cuda:2', grad_fn=<SelectBackward>)
tensor([[   2,    4,    5,  ..., 1022, 1023, 1023],
        [   2,    4,    5,  ..., 1021, 1022, 1023],
        [   3,    4,    5,  ..., 1021, 1022, 1023],
        ...,
        [   0,    1,    2,  ..., 1023, 1023, 1023],
        [   0,    1,    2,  ..., 1023, 1023, 1023],
        [   0,    1,    2,  ..., 1023, 1023, 1023]], device='cuda:3')
tensor([[   3,    4,    5,  ..., 1023, 1023, 1023],
        [   3,    4,    5,  ..., 1023, 1023, 1023],
        [   3,    4,    5,  ..., 1023, 1023, 1023],
        ...,
        [   0,    1,    2,  ..., 1022, 1023, 1023],
        [   0,    1,    2,  ..., 1022, 1022, 1023],
        [   0,    1,    2,  ..., 1021, 1022, 1023]], device='cuda:0')
tensor([[   0,    1,    2,  ..., 1021, 1022, 1023],
        [   0,    1,    2,  ..., 1021, 1022, 1023],
        [   0,    1,    2,  ..., 1021, 1022, 1023],
        ...,
        [   0,    1,    1,  ..., 1020, 1021, 1021],
        [   0,    1,    1,  ..., 1020, 1021, 1021],
        [   0,    1,    1,  ..., 1020, 1021, 1022]], device='cuda:2')
tensor([[  6,   6,   5,  ...,   5,   5,   5],
        [  7,   6,   6,  ...,   6,   6,   6],
        [  8,   7,   7,  ...,   7,   7,   8],
        ...,
        [511, 511, 511,  ..., 511, 511, 511],
        [511, 511, 511,  ..., 511, 511, 511],
        [511, 511, 511,  ..., 511, 511, 511]], device='cuda:3')
tensor([[  5,   5,   5,  ...,   4,   3,   3],
        [  6,   6,   6,  ...,   5,   4,   4],
        [  7,   7,   7,  ...,   6,   5,   5],
        ...,
        [511, 511, 511,  ..., 510, 510, 510],
        [511, 511, 511,  ..., 511, 511, 511],
        [511, 511, 511,  ..., 511, 511, 511]], device='cuda:0')
tensor([[  4,   4,   4,  ...,   4,   4,   4],
        [  5,   5,   5,  ...,   6,   6,   6],
        [  6,   6,   6,  ...,   7,   7,   7],
        ...,
        [511, 511, 511,  ..., 511, 511, 511],
        [511, 511, 511,  ..., 511, 511, 511],
        [511, 511, 511,  ..., 511, 511, 511]], device='cuda:2')
f tensor([[0.5032, 0.5028, 0.5024,  ..., 0.5043, 0.5059, 0.5075],
        [0.5043, 0.5031, 0.5020,  ..., 0.5040, 0.5059, 0.5079],
        [0.5053, 0.5035, 0.5017,  ..., 0.5037, 0.5059, 0.5082],
        ...,
        [0.5140, 0.5139, 0.5138,  ..., 0.4959, 0.4975, 0.4991],
        [0.5156, 0.5153, 0.5150,  ..., 0.4963, 0.4983, 0.5003],
        [0.5172, 0.5167, 0.5162,  ..., 0.4967, 0.4991, 0.5016]],
       device='cuda:3', grad_fn=<SelectBackward>)
f tensor([[0.5206, 0.5179, 0.5151,  ..., 0.5029, 0.5020, 0.5011],
        [0.5182, 0.5156, 0.5129,  ..., 0.5017, 0.5015, 0.5014],
        [0.5159, 0.5133, 0.5107,  ..., 0.5004, 0.5011, 0.5018],
        ...,
        [0.5084, 0.5069, 0.5055,  ..., 0.5048, 0.5055, 0.5061],
        [0.5086, 0.5075, 0.5063,  ..., 0.5038, 0.5046, 0.5054],
        [0.5089, 0.5080, 0.5072,  ..., 0.5028, 0.5037, 0.5046]],
       device='cuda:0', grad_fn=<SelectBackward>)
f tensor([[0.5191, 0.5180, 0.5168,  ..., 0.5139, 0.5137, 0.5135],
        [0.5174, 0.5164, 0.5154,  ..., 0.5149, 0.5146, 0.5144],
        [0.5157, 0.5148, 0.5140,  ..., 0.5159, 0.5155, 0.5152],
        ...,
        [0.5159, 0.5141, 0.5123,  ..., 0.5130, 0.5160, 0.5190],
        [0.5184, 0.5161, 0.5138,  ..., 0.5127, 0.5156, 0.5185],
        [0.5209, 0.5181, 0.5152,  ..., 0.5124, 0.5152, 0.5179]],
       device='cuda:2', grad_fn=<SelectBackward>)
tensor([[   1,    2,    3,  ..., 1020, 1021, 1022],
        [   1,    2,    3,  ..., 1021, 1022, 1023],
        [   1,    2,    4,  ..., 1021, 1022, 1023],
        ...,
        [   1,    2,    3,  ..., 1021, 1022, 1023],
        [   1,    2,    3,  ..., 1021, 1022, 1023],
        [   1,    2,    3,  ..., 1022, 1023, 1023]], device='cuda:0')
tensor([[   2,    3,    4,  ..., 1023, 1023, 1023],
        [   2,    3,    3,  ..., 1023, 1023, 1023],
        [   2,    3,    3,  ..., 1023, 1023, 1023],
        ...,
        [   2,    3,    4,  ..., 1021, 1022, 1023],
        [   2,    2,    3,  ..., 1021, 1022, 1022],
        [   1,    2,    3,  ..., 1021, 1021, 1022]], device='cuda:2')
tensor([[   2,    3,    4,  ..., 1021, 1022, 1023],
        [   2,    2,    3,  ..., 1021, 1022, 1023],
        [   1,    2,    3,  ..., 1021, 1022, 1023],
        ...,
        [   0,    0,    1,  ..., 1023, 1023, 1023],
        [   0,    0,    1,  ..., 1023, 1023, 1023],
        [   0,    0,    0,  ..., 1023, 1023, 1023]], device='cuda:3')
tensor([[  4,   4,   3,  ...,   1,   1,   1],
        [  5,   5,   4,  ...,   2,   2,   2],
        [  6,   6,   6,  ...,   3,   3,   3],
        ...,
        [511, 511, 511,  ..., 511, 511, 511],
        [511, 511, 511,  ..., 511, 511, 511],
        [511, 511, 511,  ..., 511, 511, 511]], device='cuda:0')
tensor([[  6,   6,   6,  ...,   1,   1,   1],
        [  8,   7,   7,  ...,   2,   2,   2],
        [  9,   8,   8,  ...,   4,   4,   3],
        ...,
        [511, 511, 511,  ..., 511, 511, 511],
        [511, 511, 511,  ..., 511, 511, 511],
        [511, 511, 511,  ..., 511, 511, 511]], device='cuda:2')
tensor([[  5,   5,   5,  ...,   6,   6,   6],
        [  6,   6,   5,  ...,   7,   7,   7],
        [  6,   6,   6,  ...,   8,   8,   7],
        ...,
        [511, 511, 511,  ..., 511, 511, 511],
        [511, 511, 511,  ..., 511, 511, 511],
        [511, 511, 511,  ..., 511, 511, 511]], device='cuda:3')
f tensor([[0.5115, 0.5109, 0.5103,  ..., 0.5117, 0.5118, 0.5120],
        [0.5115, 0.5105, 0.5095,  ..., 0.5095, 0.5099, 0.5103],
        [0.5115, 0.5101, 0.5087,  ..., 0.5073, 0.5079, 0.5085],
        ...,
        [0.5162, 0.5151, 0.5139,  ..., 0.4976, 0.4985, 0.4995],
        [0.5150, 0.5140, 0.5131,  ..., 0.4975, 0.4987, 0.4999],
        [0.5137, 0.5130, 0.5123,  ..., 0.4975, 0.4989, 0.5004]],
       device='cuda:1', grad_fn=<SelectBackward>)
tensor([[   1,    2,    3,  ..., 1023, 1023, 1023],
        [   1,    2,    3,  ..., 1023, 1023, 1023],
        [   1,    2,    2,  ..., 1023, 1023, 1023],
        ...,
        [   2,    3,    3,  ..., 1021, 1022, 1023],
        [   2,    2,    3,  ..., 1022, 1022, 1023],
        [   1,    2,    3,  ..., 1022, 1023, 1023]], device='cuda:1')
tensor([[  7,   7,   6,  ...,   3,   3,   3],
        [  8,   8,   7,  ...,   4,   4,   4],
        [  9,   9,   8,  ...,   5,   5,   5],
        ...,
        [511, 511, 511,  ..., 511, 511, 511],
        [511, 511, 511,  ..., 511, 511, 511],
        [511, 511, 511,  ..., 511, 511, 511]], device='cuda:1')
f tensor([[0.4903, 0.4909, 0.4914,  ..., 0.4962, 0.4985, 0.5009],
        [0.4896, 0.4898, 0.4900,  ..., 0.4934, 0.4960, 0.4987],
        [0.4889, 0.4887, 0.4886,  ..., 0.4906, 0.4935, 0.4965],
        ...,
        [0.5144, 0.5153, 0.5163,  ..., 0.5092, 0.5108, 0.5123],
        [0.5145, 0.5157, 0.5169,  ..., 0.5103, 0.5114, 0.5125],
        [0.5146, 0.5161, 0.5175,  ..., 0.5113, 0.5120, 0.5127]],
       device='cuda:1', grad_fn=<SelectBackward>)
tensor([[   0,    1,    3,  ..., 1022, 1023, 1023],
        [   1,    2,    3,  ..., 1022, 1022, 1023],
        [   2,    3,    4,  ..., 1021, 1022, 1023],
        ...,
        [   1,    2,    3,  ..., 1023, 1023, 1023],
        [   1,    2,    3,  ..., 1023, 1023, 1023],
        [   1,    2,    2,  ..., 1023, 1023, 1023]], device='cuda:1')
tensor([[  3,   3,   4,  ...,   7,   7,   7],
        [  4,   4,   4,  ...,   7,   7,   8],
        [  5,   5,   5,  ...,   8,   8,   8],
        ...,
        [511, 511, 511,  ..., 511, 511, 511],
        [511, 511, 511,  ..., 511, 511, 511],
        [511, 511, 511,  ..., 511, 511, 511]], device='cuda:1')
f tensor([[0.4987, 0.4992, 0.4997,  ..., 0.5033, 0.5026, 0.5019],
        [0.4998, 0.5000, 0.5001,  ..., 0.5022, 0.5017, 0.5011],
        [0.5009, 0.5007, 0.5005,  ..., 0.5011, 0.5007, 0.5003],
        ...,
        [0.5117, 0.5111, 0.5104,  ..., 0.5126, 0.5144, 0.5161],
        [0.5112, 0.5109, 0.5106,  ..., 0.5158, 0.5174, 0.5190],
        [0.5108, 0.5107, 0.5107,  ..., 0.5189, 0.5204, 0.5219]],
       device='cuda:1', grad_fn=<SelectBackward>)
tensor([[   1,    2,    2,  ..., 1022, 1023, 1023],
        [   1,    2,    3,  ..., 1022, 1023, 1023],
        [   1,    2,    3,  ..., 1022, 1023, 1023],
        ...,
        [   2,    3,    4,  ..., 1019, 1020, 1021],
        [   2,    3,    4,  ..., 1019, 1020, 1021],
        [   2,    3,    4,  ..., 1019, 1020, 1021]], device='cuda:1')
tensor([[  4,   4,   3,  ...,   4,   4,   4],
        [  5,   5,   4,  ...,   5,   5,   5],
        [  6,   6,   6,  ...,   6,   6,   6],
        ...,
        [511, 511, 511,  ..., 511, 511, 511],
        [511, 511, 511,  ..., 511, 511, 511],
        [511, 511, 511,  ..., 511, 511, 511]], device='cuda:1')
Epoch: [0/484] Iter:[0/247], Time: 16.33, lr: 0.010000, Loss: 8.112464
f tensor([[0.4648, 0.4627, 0.4607,  ..., 0.4655, 0.4668, 0.4682],
        [0.4626, 0.4605, 0.4584,  ..., 0.4643, 0.4655, 0.4666],
        [0.4604, 0.4582, 0.4560,  ..., 0.4632, 0.4641, 0.4650],
        ...,
        [0.4570, 0.4567, 0.4564,  ..., 0.4628, 0.4642, 0.4656],
        [0.4562, 0.4561, 0.4559,  ..., 0.4631, 0.4644, 0.4657],
        [0.4554, 0.4554, 0.4554,  ..., 0.4634, 0.4646, 0.4658]],
       device='cuda:1', grad_fn=<SelectBackward>)
f tensor([[0.4658, 0.4656, 0.4655,  ..., 0.4549, 0.4550, 0.4551],
        [0.4656, 0.4655, 0.4654,  ..., 0.4532, 0.4535, 0.4539],
        [0.4655, 0.4654, 0.4653,  ..., 0.4516, 0.4521, 0.4526],
        ...,
        [0.4695, 0.4710, 0.4726,  ..., 0.4940, 0.4950, 0.4960],
        [0.4706, 0.4715, 0.4723,  ..., 0.4947, 0.4951, 0.4955],
        [0.4717, 0.4719, 0.4720,  ..., 0.4953, 0.4951, 0.4949]],
       device='cuda:3', grad_fn=<SelectBackward>)
tensor([[   3,    4,    5,  ..., 1023, 1023, 1023],
        [   3,    4,    5,  ..., 1023, 1023, 1023],
        [   3,    4,    5,  ..., 1023, 1023, 1023],
        ...,
        [   1,    2,    2,  ..., 1022, 1023, 1023],
        [   1,    2,    3,  ..., 1022, 1023, 1023],
        [   1,    2,    3,  ..., 1022, 1023, 1023]], device='cuda:1')
tensor([[   4,    4,    5,  ..., 1022, 1023, 1023],
        [   3,    4,    5,  ..., 1022, 1023, 1023],
        [   3,    4,    4,  ..., 1022, 1023, 1023],
        ...,
        [   2,    3,    4,  ..., 1020, 1022, 1023],
        [   2,    3,    4,  ..., 1021, 1022, 1023],
        [   2,    3,    3,  ..., 1021, 1022, 1023]], device='cuda:3')
tensor([[  3,   2,   2,  ...,   1,   1,   2],
        [  4,   3,   3,  ...,   2,   2,   3],
        [  4,   4,   4,  ...,   3,   3,   4],
        ...,
        [511, 511, 511,  ..., 510, 510, 510],
        [511, 511, 511,  ..., 511, 511, 511],
        [511, 511, 511,  ..., 511, 511, 511]], device='cuda:1')
tensor([[  4,   3,   3,  ...,   2,   2,   2],
        [  5,   4,   4,  ...,   4,   3,   3],
        [  5,   5,   5,  ...,   5,   5,   5],
        ...,
        [511, 511, 511,  ..., 511, 511, 511],
        [511, 511, 511,  ..., 511, 511, 511],
        [511, 511, 511,  ..., 511, 511, 511]], device='cuda:3')
f tensor([[0.4716, 0.4698, 0.4680,  ..., 0.4744, 0.4773, 0.4802],
        [0.4697, 0.4684, 0.4670,  ..., 0.4750, 0.4773, 0.4797],
        [0.4678, 0.4669, 0.4661,  ..., 0.4755, 0.4773, 0.4791],
        ...,
        [0.4674, 0.4670, 0.4666,  ..., 0.4905, 0.4929, 0.4953],
        [0.4678, 0.4674, 0.4671,  ..., 0.4935, 0.4957, 0.4978],
        [0.4683, 0.4679, 0.4675,  ..., 0.4965, 0.4984, 0.5003]],
       device='cuda:1', grad_fn=<SelectBackward>)
f tensor([[0.4654, 0.4632, 0.4611,  ..., 0.4713, 0.4707, 0.4701],
        [0.4648, 0.4629, 0.4610,  ..., 0.4696, 0.4695, 0.4693],
        [0.4641, 0.4625, 0.4608,  ..., 0.4679, 0.4682, 0.4685],
        ...,
        [0.4598, 0.4592, 0.4585,  ..., 0.4581, 0.4587, 0.4592],
        [0.4596, 0.4589, 0.4582,  ..., 0.4588, 0.4592, 0.4595],
        [0.4593, 0.4586, 0.4578,  ..., 0.4595, 0.4597, 0.4598]],
       device='cuda:3', grad_fn=<SelectBackward>)
tensor([[   4,    5,    5,  ..., 1021, 1022, 1022],
        [   4,    5,    6,  ..., 1021, 1022, 1022],
        [   4,    5,    6,  ..., 1021, 1021, 1022],
        ...,
        [   2,    3,    4,  ..., 1023, 1023, 1023],
        [   2,    3,    4,  ..., 1023, 1023, 1023],
        [   2,    3,    4,  ..., 1023, 1023, 1023]], device='cuda:1')
tensor([[   0,    1,    2,  ..., 1023, 1023, 1023],
        [   0,    1,    2,  ..., 1023, 1023, 1023],
        [   0,    1,    2,  ..., 1023, 1023, 1023],
        ...,
        [   0,    0,    0,  ..., 1022, 1023, 1023],
        [   0,    0,    0,  ..., 1022, 1023, 1023],
        [   0,    0,    0,  ..., 1022, 1023, 1023]], device='cuda:3')
tensor([[  6,   5,   5,  ...,   3,   3,   3],
        [  7,   6,   6,  ...,   4,   4,   4],
        [  8,   7,   7,  ...,   5,   5,   5],
        ...,
        [511, 511, 511,  ..., 508, 508, 507],
        [511, 511, 511,  ..., 509, 508, 508],
        [511, 511, 511,  ..., 509, 509, 509]], device='cuda:1')
tensor([[  7,   6,   6,  ...,   4,   4,   4],
        [  7,   7,   7,  ...,   5,   6,   6],
        [  7,   7,   7,  ...,   7,   7,   7],
        ...,
        [511, 511, 511,  ..., 511, 511, 511],
        [511, 511, 511,  ..., 511, 511, 511],
        [511, 511, 511,  ..., 511, 511, 511]], device='cuda:3')
f tensor([[0.4620, 0.4594, 0.4568,  ..., 0.4689, 0.4691, 0.4692],
        [0.4608, 0.4584, 0.4561,  ..., 0.4666, 0.4669, 0.4673],
        [0.4596, 0.4574, 0.4553,  ..., 0.4642, 0.4648, 0.4654],
        ...,
        [0.4698, 0.4708, 0.4717,  ..., 0.4880, 0.4877, 0.4873],
        [0.4702, 0.4708, 0.4714,  ..., 0.4879, 0.4877, 0.4876],
        [0.4706, 0.4708, 0.4710,  ..., 0.4878, 0.4878, 0.4878]],
       device='cuda:1', grad_fn=<SelectBackward>)
f tensor([[0.4551, 0.4534, 0.4517,  ..., 0.4731, 0.4734, 0.4736],
        [0.4528, 0.4511, 0.4493,  ..., 0.4755, 0.4761, 0.4767],
        [0.4505, 0.4487, 0.4470,  ..., 0.4779, 0.4788, 0.4797],
        ...,
        [0.4678, 0.4706, 0.4733,  ..., 0.4536, 0.4558, 0.4580],
        [0.4677, 0.4706, 0.4735,  ..., 0.4541, 0.4563, 0.4586],
        [0.4676, 0.4706, 0.4737,  ..., 0.4545, 0.4569, 0.4592]],
       device='cuda:3', grad_fn=<SelectBackward>)
tensor([[   2,    3,    4,  ..., 1023, 1023, 1023],
        [   2,    3,    4,  ..., 1023, 1023, 1023],
        [   2,    3,    4,  ..., 1023, 1023, 1023],
        ...,
        [   0,    0,    0,  ..., 1021, 1022, 1023],
        [   0,    0,    0,  ..., 1021, 1022, 1023],
        [   0,    0,    1,  ..., 1021, 1022, 1022]], device='cuda:1')
tensor([[   1,    2,    4,  ..., 1020, 1021, 1022],
        [   1,    2,    4,  ..., 1020, 1021, 1022],
        [   1,    3,    4,  ..., 1021, 1022, 1023],
        ...,
        [   2,    3,    3,  ..., 1020, 1020, 1021],
        [   2,    3,    3,  ..., 1019, 1020, 1021],
        [   2,    3,    3,  ..., 1019, 1020, 1021]], device='cuda:3')
tensor([[  0,   1,   1,  ...,   2,   2,   2],
        [  2,   2,   3,  ...,   4,   4,   4],
        [  3,   4,   5,  ...,   5,   5,   5],
        ...,
        [511, 511, 511,  ..., 511, 511, 511],
        [511, 511, 511,  ..., 511, 511, 511],
        [511, 511, 511,  ..., 511, 511, 511]], device='cuda:1')
tensor([[  5,   5,   5,  ...,   2,   2,   2],
        [  6,   6,   6,  ...,   3,   3,   3],
        [  7,   7,   7,  ...,   4,   4,   4],
        ...,
        [511, 511, 511,  ..., 511, 511, 511],
        [511, 511, 511,  ..., 511, 511, 511],
        [511, 511, 511,  ..., 511, 511, 511]], device='cuda:3')
f tensor([[0.4517, 0.4505, 0.4492,  ..., 0.4557, 0.4565, 0.4574],
        [0.4514, 0.4500, 0.4487,  ..., 0.4552, 0.4558, 0.4564],
        [0.4510, 0.4496, 0.4482,  ..., 0.4548, 0.4551, 0.4554],
        ...,
        [0.4863, 0.4869, 0.4876,  ..., 0.4941, 0.4950, 0.4959],
        [0.4876, 0.4885, 0.4894,  ..., 0.4942, 0.4954, 0.4965],
        [0.4890, 0.4901, 0.4913,  ..., 0.4943, 0.4957, 0.4971]],
       device='cuda:2', grad_fn=<SelectBackward>)
tensor([[   1,    2,    4,  ..., 1023, 1023, 1023],
        [   2,    3,    4,  ..., 1023, 1023, 1023],
        [   2,    3,    4,  ..., 1023, 1023, 1023],
        ...,
        [   0,    1,    2,  ..., 1018, 1019, 1020],
        [   0,    1,    2,  ..., 1018, 1019, 1019],
        [   0,    1,    2,  ..., 1017, 1018, 1019]], device='cuda:2')
tensor([[  3,   3,   3,  ...,   5,   5,   5],
        [  4,   4,   4,  ...,   6,   6,   6],
        [  5,   5,   5,  ...,   7,   7,   7],
        ...,
        [511, 511, 511,  ..., 511, 511, 511],
        [511, 511, 511,  ..., 511, 511, 511],
        [511, 511, 511,  ..., 511, 511, 511]], device='cuda:2')
f tensor([[0.4568, 0.4564, 0.4559,  ..., 0.4604, 0.4602, 0.4601],
        [0.4568, 0.4564, 0.4560,  ..., 0.4581, 0.4581, 0.4581],
        [0.4569, 0.4564, 0.4560,  ..., 0.4558, 0.4559, 0.4560],
        ...,
        [0.4611, 0.4623, 0.4635,  ..., 0.4671, 0.4682, 0.4692],
        [0.4616, 0.4631, 0.4645,  ..., 0.4668, 0.4676, 0.4683],
        [0.4621, 0.4638, 0.4655,  ..., 0.4666, 0.4670, 0.4675]],
       device='cuda:2', grad_fn=<SelectBackward>)
tensor([[   1,    3,    4,  ..., 1021, 1022, 1023],
        [   1,    3,    4,  ..., 1021, 1022, 1023],
        [   1,    3,    4,  ..., 1021, 1022, 1023],
        ...,
        [   2,    3,    4,  ..., 1021, 1021, 1022],
        [   2,    3,    4,  ..., 1020, 1021, 1022],
        [   2,    3,    4,  ..., 1020, 1021, 1022]], device='cuda:2')
f tensor([[0.4612, 0.4592, 0.4571,  ..., 0.4886, 0.4877, 0.4869],
        [0.4578, 0.4561, 0.4544,  ..., 0.4888, 0.4881, 0.4874],
        [0.4544, 0.4531, 0.4518,  ..., 0.4890, 0.4885, 0.4880],
        ...,
        [0.4721, 0.4723, 0.4724,  ..., 0.4672, 0.4670, 0.4667],
        [0.4722, 0.4725, 0.4727,  ..., 0.4699, 0.4702, 0.4704],
        [0.4724, 0.4727, 0.4730,  ..., 0.4725, 0.4734, 0.4742]],
       device='cuda:0', grad_fn=<SelectBackward>)
tensor([[   2,    3,    4,  ..., 1019, 1020, 1021],
        [   2,    3,    4,  ..., 1019, 1020, 1021],
        [   2,    3,    4,  ..., 1019, 1020, 1021],
        ...,
        [   0,    2,    3,  ..., 1020, 1022, 1023],
        [   0,    1,    3,  ..., 1020, 1021, 1022],
        [   0,    1,    2,  ..., 1020, 1021, 1022]], device='cuda:0')
tensor([[  5,   5,   5,  ...,   1,   2,   2],
        [  5,   6,   6,  ...,   3,   3,   3],
        [  6,   6,   7,  ...,   4,   4,   4],
        ...,
        [511, 511, 511,  ..., 511, 511, 511],
        [511, 511, 511,  ..., 511, 511, 511],
        [511, 511, 511,  ..., 511, 511, 511]], device='cuda:2')
f tensor([[0.4545, 0.4528, 0.4512,  ..., 0.4664, 0.4675, 0.4687],
        [0.4524, 0.4516, 0.4508,  ..., 0.4664, 0.4678, 0.4692],
        [0.4503, 0.4504, 0.4505,  ..., 0.4665, 0.4681, 0.4698],
        ...,
        [0.4790, 0.4797, 0.4803,  ..., 0.4488, 0.4511, 0.4534],
        [0.4807, 0.4809, 0.4812,  ..., 0.4486, 0.4509, 0.4533],
        [0.4823, 0.4822, 0.4820,  ..., 0.4484, 0.4508, 0.4532]],
       device='cuda:2', grad_fn=<SelectBackward>)
tensor([[   3,    4,    4,  ..., 1022, 1023, 1023],
        [   3,    4,    5,  ..., 1022, 1023, 1023],
        [   4,    4,    5,  ..., 1022, 1023, 1023],
        ...,
        [   1,    2,    2,  ..., 1023, 1023, 1023],
        [   1,    2,    2,  ..., 1023, 1023, 1023],
        [   1,    2,    2,  ..., 1023, 1023, 1023]], device='cuda:2')
tensor([[  4,   4,   4,  ...,   2,   2,   2],
        [  4,   5,   5,  ...,   3,   3,   3],
        [  5,   6,   6,  ...,   4,   4,   4],
        ...,
        [511, 511, 511,  ..., 510, 511, 511],
        [511, 511, 511,  ..., 511, 511, 511],
        [511, 511, 511,  ..., 511, 511, 511]], device='cuda:0')
f tensor([[0.4531, 0.4531, 0.4531,  ..., 0.4690, 0.4689, 0.4688],
        [0.4502, 0.4502, 0.4503,  ..., 0.4690, 0.4690, 0.4690],
        [0.4473, 0.4473, 0.4474,  ..., 0.4691, 0.4692, 0.4692],
        ...,
        [0.4713, 0.4712, 0.4711,  ..., 0.4877, 0.4888, 0.4898],
        [0.4727, 0.4727, 0.4726,  ..., 0.4870, 0.4879, 0.4889],
        [0.4742, 0.4741, 0.4740,  ..., 0.4863, 0.4871, 0.4879]],
       device='cuda:0', grad_fn=<SelectBackward>)
tensor([[  4,   4,   3,  ...,   2,   3,   3],
        [  5,   5,   4,  ...,   3,   3,   4],
        [  6,   6,   6,  ...,   4,   4,   4],
        ...,
        [511, 511, 511,  ..., 511, 511, 511],
        [511, 511, 511,  ..., 511, 511, 511],
        [511, 511, 511,  ..., 511, 511, 511]], device='cuda:2')
tensor([[   2,    3,    4,  ..., 1021, 1022, 1023],
        [   2,    3,    4,  ..., 1021, 1022, 1022],
        [   2,    3,    4,  ..., 1021, 1021, 1022],
        ...,
        [   0,    1,    2,  ..., 1021, 1021, 1022],
        [   0,    1,    2,  ..., 1020, 1021, 1022],
        [   0,    1,    2,  ..., 1020, 1021, 1021]], device='cuda:0')
tensor([[  3,   3,   3,  ...,   6,   6,   6],
        [  4,   4,   4,  ...,   7,   7,   7],
        [  6,   6,   6,  ...,   8,   8,   8],
        ...,
        [511, 511, 511,  ..., 511, 511, 511],
        [511, 511, 511,  ..., 511, 511, 511],
        [511, 511, 511,  ..., 511, 511, 511]], device='cuda:0')
f tensor([[0.4554, 0.4535, 0.4515,  ..., 0.4635, 0.4633, 0.4632],
        [0.4515, 0.4502, 0.4488,  ..., 0.4641, 0.4639, 0.4638],
        [0.4477, 0.4469, 0.4461,  ..., 0.4647, 0.4645, 0.4644],
        ...,
        [0.4661, 0.4652, 0.4642,  ..., 0.4671, 0.4683, 0.4694],
        [0.4674, 0.4663, 0.4652,  ..., 0.4691, 0.4700, 0.4709],
        [0.4687, 0.4674, 0.4662,  ..., 0.4711, 0.4718, 0.4724]],
       device='cuda:0', grad_fn=<SelectBackward>)
tensor([[   1,    2,    3,  ..., 1020, 1021, 1022],
        [   2,    3,    4,  ..., 1020, 1021, 1022],
        [   2,    3,    4,  ..., 1020, 1021, 1022],
        ...,
        [   1,    3,    4,  ..., 1020, 1021, 1022],
        [   1,    3,    4,  ..., 1020, 1021, 1022],
        [   1,    2,    4,  ..., 1020, 1021, 1022]], device='cuda:0')
tensor([[  5,   4,   4,  ...,   3,   3,   3],
        [  5,   5,   5,  ...,   4,   4,   4],
        [  6,   6,   6,  ...,   5,   6,   6],
        ...,
        [511, 511, 511,  ..., 511, 511, 511],
        [511, 511, 511,  ..., 511, 511, 511],
        [511, 511, 511,  ..., 511, 511, 511]], device='cuda:0')
f tensor([[0.3892, 0.3887, 0.3883,  ..., 0.4109, 0.4115, 0.4121],
        [0.3891, 0.3893, 0.3894,  ..., 0.4133, 0.4132, 0.4131],
        [0.3890, 0.3898, 0.3906,  ..., 0.4156, 0.4148, 0.4140],
        ...,
        [0.4233, 0.4271, 0.4309,  ..., 0.4371, 0.4341, 0.4312],
        [0.4232, 0.4267, 0.4302,  ..., 0.4389, 0.4371, 0.4352],
        [0.4232, 0.4264, 0.4295,  ..., 0.4407, 0.4400, 0.4393]],
       device='cuda:3', grad_fn=<SelectBackward>)
tensor([[   0,    0,    1,  ..., 1022, 1023, 1023],
        [   0,    0,    1,  ..., 1022, 1023, 1023],
        [   0,    0,    0,  ..., 1022, 1023, 1023],
        ...,
        [   0,    0,    1,  ..., 1021, 1022, 1022],
        [   0,    0,    1,  ..., 1021, 1021, 1022],
        [   0,    0,    1,  ..., 1020, 1021, 1022]], device='cuda:3')
f tensor([[0.3590, 0.3592, 0.3593,  ..., 0.3862, 0.3869, 0.3876],
        [0.3578, 0.3579, 0.3581,  ..., 0.3862, 0.3869, 0.3876],
        [0.3565, 0.3566, 0.3568,  ..., 0.3861, 0.3868, 0.3875],
        ...,
        [0.4551, 0.4566, 0.4581,  ..., 0.4410, 0.4385, 0.4360],
        [0.4547, 0.4563, 0.4580,  ..., 0.4420, 0.4397, 0.4374],
        [0.4543, 0.4561, 0.4579,  ..., 0.4430, 0.4409, 0.4388]],
       device='cuda:1', grad_fn=<SelectBackward>)
f tensor([[0.4025, 0.4028, 0.4031,  ..., 0.4110, 0.4122, 0.4134],
        [0.4027, 0.4032, 0.4038,  ..., 0.4102, 0.4111, 0.4120],
        [0.4029, 0.4037, 0.4045,  ..., 0.4095, 0.4100, 0.4106],
        ...,
        [0.3893, 0.3908, 0.3922,  ..., 0.4744, 0.4737, 0.4730],
        [0.3897, 0.3910, 0.3924,  ..., 0.4746, 0.4743, 0.4740],
        [0.3900, 0.3913, 0.3926,  ..., 0.4749, 0.4750, 0.4751]],
       device='cuda:2', grad_fn=<SelectBackward>)
f tensor([[0.3553, 0.3549, 0.3545,  ..., 0.4431, 0.4427, 0.4424],
        [0.3550, 0.3546, 0.3542,  ..., 0.4424, 0.4420, 0.4415],
        [0.3546, 0.3542, 0.3539,  ..., 0.4417, 0.4412, 0.4407],
        ...,
        [0.4035, 0.4053, 0.4071,  ..., 0.4421, 0.4426, 0.4431],
        [0.4017, 0.4033, 0.4050,  ..., 0.4419, 0.4423, 0.4428],
        [0.3998, 0.4014, 0.4029,  ..., 0.4416, 0.4421, 0.4425]],
       device='cuda:0', grad_fn=<SelectBackward>)
tensor([[  7,   6,   6,  ...,   3,   3,   3],
        [  8,   7,   7,  ...,   3,   3,   4],
        [  9,   8,   8,  ...,   4,   4,   4],
        ...,
        [511, 511, 511,  ..., 511, 511, 511],
        [511, 511, 511,  ..., 511, 511, 511],
        [511, 511, 511,  ..., 511, 511, 511]], device='cuda:3')
tensor([[   1,    2,    3,  ..., 1018, 1019, 1020],
        [   1,    2,    3,  ..., 1018, 1019, 1020],
        [   1,    2,    3,  ..., 1018, 1019, 1019],
        ...,
        [   0,    0,    1,  ..., 1019, 1020, 1020],
        [   0,    0,    1,  ..., 1019, 1020, 1021],
        [   0,    0,    1,  ..., 1019, 1020, 1021]], device='cuda:2')
tensor([[  3,   3,   3,  ...,   3,   3,   3],
        [  5,   5,   5,  ...,   4,   4,   4],
        [  6,   6,   6,  ...,   6,   6,   6],
        ...,
        [511, 511, 511,  ..., 511, 511, 511],
        [511, 511, 511,  ..., 511, 511, 511],
        [511, 511, 511,  ..., 511, 511, 511]], device='cuda:2')
tensor([[   0,    0,    1,  ..., 1019, 1020, 1020],
        [   0,    1,    2,  ..., 1019, 1020, 1020],
        [   0,    1,    2,  ..., 1019, 1020, 1021],
        ...,
        [   0,    0,    0,  ..., 1021, 1022, 1023],
        [   0,    0,    0,  ..., 1021, 1022, 1023],
        [   0,    0,    0,  ..., 1021, 1022, 1023]], device='cuda:0')
tensor([[   1,    2,    3,  ..., 1023, 1023, 1023],
        [   1,    2,    3,  ..., 1023, 1023, 1023],
        [   1,    2,    3,  ..., 1022, 1023, 1023],
        ...,
        [   0,    0,    0,  ..., 1018, 1019, 1020],
        [   0,    0,    0,  ..., 1018, 1019, 1020],
        [   0,    0,    0,  ..., 1018, 1018, 1019]], device='cuda:1')
tensor([[  1,   1,   1,  ...,   7,   7,   7],
        [  2,   3,   3,  ...,   8,   8,   8],
        [  4,   4,   4,  ...,   9,   9,   9],
        ...,
        [511, 511, 511,  ..., 511, 511, 511],
        [511, 511, 511,  ..., 511, 511, 511],
        [511, 511, 511,  ..., 511, 511, 511]], device='cuda:1')
tensor([[  0,   0,   0,  ...,   3,   3,   3],
        [  1,   1,   1,  ...,   4,   4,   4],
        [  2,   2,   2,  ...,   5,   5,   4],
        ...,
        [511, 511, 511,  ..., 510, 510, 510],
        [511, 511, 511,  ..., 511, 511, 511],
        [511, 511, 511,  ..., 511, 511, 511]], device='cuda:0')
f tensor([[0.4010, 0.3982, 0.3954,  ..., 0.4230, 0.4249, 0.4269],
        [0.4012, 0.3996, 0.3980,  ..., 0.4247, 0.4261, 0.4275],
        [0.4015, 0.4010, 0.4006,  ..., 0.4265, 0.4273, 0.4281],
        ...,
        [0.4355, 0.4359, 0.4364,  ..., 0.4628, 0.4631, 0.4634],
        [0.4339, 0.4338, 0.4337,  ..., 0.4612, 0.4610, 0.4608],
        [0.4324, 0.4318, 0.4311,  ..., 0.4595, 0.4589, 0.4582]],
       device='cuda:3', grad_fn=<SelectBackward>)
tensor([[   0,    0,    0,  ..., 1018, 1019, 1020],
        [   0,    0,    0,  ..., 1018, 1019, 1020],
        [   0,    0,    0,  ..., 1019, 1019, 1020],
        ...,
        [   0,    0,    1,  ..., 1021, 1022, 1023],
        [   0,    0,    1,  ..., 1021, 1022, 1022],
        [   0,    0,    1,  ..., 1021, 1022, 1022]], device='cuda:3')
f tensor([[0.4039, 0.4026, 0.4013,  ..., 0.3706, 0.3714, 0.3723],
        [0.4049, 0.4038, 0.4027,  ..., 0.3711, 0.3722, 0.3732],
        [0.4058, 0.4049, 0.4041,  ..., 0.3715, 0.3729, 0.3742],
        ...,
        [0.3719, 0.3755, 0.3792,  ..., 0.4453, 0.4478, 0.4502],
        [0.3720, 0.3755, 0.3791,  ..., 0.4430, 0.4452, 0.4475],
        [0.3720, 0.3755, 0.3790,  ..., 0.4407, 0.4427, 0.4448]],
       device='cuda:0', grad_fn=<SelectBackward>)
f tensor([[0.4074, 0.4079, 0.4083,  ..., 0.3751, 0.3762, 0.3772],
        [0.4084, 0.4091, 0.4098,  ..., 0.3779, 0.3785, 0.3791],
        [0.4094, 0.4103, 0.4112,  ..., 0.3806, 0.3808, 0.3810],
        ...,
        [0.4259, 0.4272, 0.4286,  ..., 0.4484, 0.4471, 0.4457],
        [0.4237, 0.4258, 0.4279,  ..., 0.4480, 0.4463, 0.4446],
        [0.4216, 0.4244, 0.4271,  ..., 0.4476, 0.4455, 0.4435]],
       device='cuda:2', grad_fn=<SelectBackward>)
f tensor([[0.3633, 0.3625, 0.3617,  ..., 0.3669, 0.3700, 0.3731],
        [0.3617, 0.3611, 0.3606,  ..., 0.3655, 0.3681, 0.3706],
        [0.3601, 0.3598, 0.3595,  ..., 0.3641, 0.3661, 0.3682],
        ...,
        [0.4043, 0.4093, 0.4144,  ..., 0.4191, 0.4196, 0.4202],
        [0.4039, 0.4085, 0.4132,  ..., 0.4183, 0.4196, 0.4208],
        [0.4034, 0.4077, 0.4120,  ..., 0.4176, 0.4195, 0.4214]],
       device='cuda:1', grad_fn=<SelectBackward>)
tensor([[   0,    1,    2,  ..., 1021, 1022, 1023],
        [   0,    1,    2,  ..., 1021, 1022, 1023],
        [   0,    1,    2,  ..., 1021, 1022, 1023],
        ...,
        [   0,    0,    1,  ..., 1018, 1019, 1020],
        [   0,    0,    1,  ..., 1018, 1019, 1020],
        [   0,    0,    1,  ..., 1018, 1019, 1020]], device='cuda:0')
tensor([[   2,    3,    4,  ..., 1019, 1020, 1021],
        [   2,    3,    3,  ..., 1019, 1020, 1021],
        [   2,    3,    3,  ..., 1019, 1020, 1021],
        ...,
        [   0,    1,    2,  ..., 1019, 1020, 1020],
        [   0,    0,    1,  ..., 1019, 1019, 1020],
        [   0,    0,    1,  ..., 1018, 1019, 1019]], device='cuda:2')
tensor([[  4,   4,   4,  ...,   2,   2,   2],
        [  5,   5,   5,  ...,   4,   4,   4],
        [  6,   6,   6,  ...,   5,   5,   5],
        ...,
        [511, 511, 511,  ..., 511, 511, 511],
        [511, 511, 511,  ..., 511, 511, 511],
        [511, 511, 511,  ..., 511, 511, 511]], device='cuda:0')
tensor([[  1,   1,   0,  ...,   1,   0,   0],
        [  2,   2,   2,  ...,   2,   1,   0],
        [  3,   3,   3,  ...,   2,   2,   1],
        ...,
        [511, 511, 511,  ..., 511, 511, 511],
        [511, 511, 511,  ..., 511, 511, 511],
        [511, 511, 511,  ..., 511, 511, 511]], device='cuda:3')
tensor([[   1,    2,    3,  ..., 1021, 1023, 1023],
        [   1,    2,    3,  ..., 1021, 1023, 1023],
        [   1,    2,    3,  ..., 1022, 1023, 1023],
        ...,
        [   0,    0,    0,  ..., 1021, 1022, 1023],
        [   0,    0,    0,  ..., 1021, 1022, 1023],
        [   0,    0,    0,  ..., 1021, 1021, 1022]], device='cuda:1')
tensor([[  8,   7,   7,  ...,   4,   4,   3],
        [  8,   8,   7,  ...,   5,   5,   4],
        [  9,   8,   8,  ...,   6,   6,   5],
        ...,
        [511, 511, 511,  ..., 508, 509, 509],
        [511, 511, 511,  ..., 509, 509, 510],
        [511, 511, 511,  ..., 510, 510, 510]], device='cuda:2')
tensor([[  1,   1,   1,  ...,   1,   0,   0],
        [  2,   3,   3,  ...,   2,   2,   2],
        [  4,   4,   4,  ...,   4,   3,   3],
        ...,
        [511, 511, 511,  ..., 511, 511, 510],
        [511, 511, 511,  ..., 511, 511, 511],
        [511, 511, 511,  ..., 511, 511, 511]], device='cuda:1')
f tensor([[0.3600, 0.3619, 0.3638,  ..., 0.4010, 0.4012, 0.4014],
        [0.3614, 0.3632, 0.3650,  ..., 0.4050, 0.4054, 0.4057],
        [0.3628, 0.3645, 0.3662,  ..., 0.4090, 0.4095, 0.4101],
        ...,
        [0.4145, 0.4151, 0.4156,  ..., 0.3909, 0.3915, 0.3922],
        [0.4143, 0.4152, 0.4160,  ..., 0.3926, 0.3930, 0.3933],
        [0.4141, 0.4152, 0.4164,  ..., 0.3944, 0.3944, 0.3945]],
       device='cuda:0', grad_fn=<SelectBackward>)
tensor([[   0,    0,    1,  ..., 1022, 1023, 1023],
        [   0,    0,    1,  ..., 1022, 1023, 1023],
        [   0,    0,    1,  ..., 1023, 1023, 1023],
        ...,
        [   1,    2,    3,  ..., 1019, 1019, 1020],
        [   1,    2,    3,  ..., 1019, 1019, 1020],
        [   1,    2,    3,  ..., 1019, 1019, 1020]], device='cuda:0')
f tensor([[0.4373, 0.4376, 0.4379,  ..., 0.3777, 0.3793, 0.3809],
        [0.4377, 0.4381, 0.4385,  ..., 0.3779, 0.3793, 0.3807],
        [0.4381, 0.4386, 0.4391,  ..., 0.3782, 0.3794, 0.3805],
        ...,
        [0.4034, 0.4059, 0.4085,  ..., 0.4089, 0.4082, 0.4075],
        [0.4023, 0.4050, 0.4076,  ..., 0.4109, 0.4100, 0.4091],
        [0.4013, 0.4040, 0.4067,  ..., 0.4128, 0.4118, 0.4107]],
       device='cuda:3', grad_fn=<SelectBackward>)
tensor([[   1,    1,    2,  ..., 1022, 1023, 1023],
        [   0,    1,    1,  ..., 1022, 1023, 1023],
        [   0,    0,    1,  ..., 1022, 1023, 1023],
        ...,
        [   1,    1,    2,  ..., 1020, 1021, 1021],
        [   0,    1,    2,  ..., 1020, 1021, 1021],
        [   0,    1,    1,  ..., 1020, 1020, 1021]], device='cuda:3')
f tensor([[0.3691, 0.3699, 0.3706,  ..., 0.3844, 0.3863, 0.3882],
        [0.3682, 0.3689, 0.3696,  ..., 0.3840, 0.3861, 0.3883],
        [0.3674, 0.3680, 0.3686,  ..., 0.3835, 0.3860, 0.3884],
        ...,
        [0.4178, 0.4187, 0.4195,  ..., 0.4495, 0.4482, 0.4469],
        [0.4182, 0.4194, 0.4207,  ..., 0.4467, 0.4458, 0.4449],
        [0.4185, 0.4202, 0.4219,  ..., 0.4440, 0.4434, 0.4428]],
       device='cuda:2', grad_fn=<SelectBackward>)
tensor([[  4,   3,   3,  ...,   3,   3,   3],
        [  4,   4,   4,  ...,   5,   4,   4],
        [  5,   5,   6,  ...,   6,   6,   6],
        ...,
        [511, 511, 511,  ..., 511, 511, 511],
        [511, 511, 511,  ..., 511, 511, 511],
        [511, 511, 511,  ..., 511, 511, 511]], device='cuda:0')
tensor([[  4,   4,   4,  ...,   3,   3,   3],
        [  5,   5,   5,  ...,   4,   4,   4],
        [  6,   6,   6,  ...,   5,   5,   5],
        ...,
        [511, 511, 511,  ..., 511, 511, 511],
        [511, 511, 511,  ..., 511, 511, 511],
        [511, 511, 511,  ..., 511, 511, 511]], device='cuda:3')
tensor([[   2,    3,    4,  ..., 1021, 1022, 1023],
        [   2,    3,    4,  ..., 1022, 1023, 1023],
        [   2,    2,    3,  ..., 1022, 1023, 1023],
        ...,
        [   2,    3,    4,  ..., 1018, 1019, 1020],
        [   2,    3,    4,  ..., 1018, 1019, 1019],
        [   3,    3,    4,  ..., 1018, 1018, 1019]], device='cuda:2')
f tensor([[0.3696, 0.3709, 0.3722,  ..., 0.4234, 0.4226, 0.4217],
        [0.3703, 0.3714, 0.3726,  ..., 0.4255, 0.4249, 0.4244],
        [0.3709, 0.3720, 0.3730,  ..., 0.4275, 0.4272, 0.4270],
        ...,
        [0.3893, 0.3902, 0.3911,  ..., 0.4622, 0.4599, 0.4577],
        [0.3897, 0.3910, 0.3924,  ..., 0.4643, 0.4623, 0.4603],
        [0.3901, 0.3919, 0.3936,  ..., 0.4664, 0.4647, 0.4629]],
       device='cuda:1', grad_fn=<SelectBackward>)
tensor([[   1,    2,    2,  ..., 1020, 1021, 1022],
        [   0,    1,    2,  ..., 1020, 1021, 1022],
        [   0,    1,    2,  ..., 1020, 1021, 1022],
        ...,
        [   0,    0,    0,  ..., 1019, 1019, 1020],
        [   0,    0,    0,  ..., 1019, 1020, 1020],
        [   0,    0,    0,  ..., 1019, 1020, 1021]], device='cuda:1')
tensor([[  3,   3,   3,  ...,   0,   0,   0],
        [  4,   4,   4,  ...,   1,   1,   1],
        [  5,   5,   5,  ...,   3,   2,   2],
        ...,
        [511, 511, 511,  ..., 511, 511, 511],
        [511, 511, 511,  ..., 511, 511, 511],
        [511, 511, 511,  ..., 511, 511, 511]], device='cuda:1')
tensor([[  2,   2,   2,  ...,   0,   0,   0],
        [  3,   4,   4,  ...,   1,   1,   1],
        [  5,   5,   5,  ...,   2,   2,   2],
        ...,
        [511, 511, 511,  ..., 510, 510, 509],
        [511, 511, 511,  ..., 511, 511, 511],
        [511, 511, 511,  ..., 511, 511, 511]], device='cuda:2')
f tensor([[0.2758, 0.2753, 0.2747,  ..., 0.2987, 0.2981, 0.2975],
        [0.2747, 0.2746, 0.2744,  ..., 0.3023, 0.3012, 0.3001],
        [0.2735, 0.2738, 0.2741,  ..., 0.3059, 0.3043, 0.3027],
        ...,
        [0.3154, 0.3215, 0.3277,  ..., 0.3449, 0.3416, 0.3383],
        [0.3169, 0.3222, 0.3276,  ..., 0.3435, 0.3404, 0.3373],
        [0.3185, 0.3230, 0.3274,  ..., 0.3422, 0.3393, 0.3363]],
       device='cuda:0', grad_fn=<SelectBackward>)
f tensor([[0.3323, 0.3378, 0.3433,  ..., 0.3351, 0.3397, 0.3444],
        [0.3329, 0.3386, 0.3443,  ..., 0.3399, 0.3442, 0.3485],
        [0.3335, 0.3394, 0.3452,  ..., 0.3447, 0.3486, 0.3526],
        ...,
        [0.3683, 0.3711, 0.3739,  ..., 0.3749, 0.3666, 0.3583],
        [0.3642, 0.3673, 0.3705,  ..., 0.3746, 0.3642, 0.3538],
        [0.3600, 0.3636, 0.3671,  ..., 0.3743, 0.3618, 0.3493]],
       device='cuda:2', grad_fn=<SelectBackward>)
tensor([[   0,    0,    1,  ..., 1021, 1022, 1022],
        [   0,    0,    1,  ..., 1022, 1022, 1023],
        [   0,    0,    1,  ..., 1022, 1023, 1023],
        ...,
        [   0,    0,    1,  ..., 1021, 1021, 1022],
        [   0,    0,    1,  ..., 1020, 1021, 1022],
        [   0,    1,    2,  ..., 1020, 1020, 1021]], device='cuda:0')
tensor([[   0,    0,    1,  ..., 1019, 1020, 1022],
        [   0,    0,    1,  ..., 1019, 1020, 1022],
        [   0,    0,    1,  ..., 1019, 1021, 1022],
        ...,
        [   0,    0,    0,  ..., 1021, 1022, 1023],
        [   0,    0,    0,  ..., 1020, 1021, 1022],
        [   0,    0,    0,  ..., 1020, 1021, 1022]], device='cuda:2')
tensor([[  3,   2,   2,  ...,   1,   1,   1],
        [  3,   3,   3,  ...,   3,   2,   2],
        [  4,   4,   4,  ...,   4,   4,   4],
        ...,
        [511, 511, 511,  ..., 511, 511, 511],
        [511, 511, 511,  ..., 511, 511, 511],
        [511, 511, 511,  ..., 511, 511, 511]], device='cuda:0')
tensor([[  4,   4,   3,  ...,   0,   1,   2],
        [  5,   4,   4,  ...,   2,   2,   3],
        [  5,   5,   5,  ...,   3,   3,   4],
        ...,
        [511, 511, 511,  ..., 511, 511, 511],
        [511, 511, 511,  ..., 511, 511, 511],
        [511, 511, 511,  ..., 511, 511, 511]], device='cuda:2')
f tensor([[0.2668, 0.2670, 0.2673,  ..., 0.3558, 0.3563, 0.3568],
        [0.2656, 0.2658, 0.2661,  ..., 0.3606, 0.3608, 0.3610],
        [0.2644, 0.2646, 0.2649,  ..., 0.3654, 0.3653, 0.3652],
        ...,
        [0.2808, 0.2815, 0.2822,  ..., 0.4391, 0.4368, 0.4345],
        [0.2806, 0.2811, 0.2815,  ..., 0.4341, 0.4321, 0.4302],
        [0.2804, 0.2807, 0.2809,  ..., 0.4290, 0.4274, 0.4258]],
       device='cuda:0', grad_fn=<SelectBackward>)
f tensor([[0.2725, 0.2710, 0.2695,  ..., 0.2902, 0.2902, 0.2902],
        [0.2713, 0.2707, 0.2702,  ..., 0.2911, 0.2912, 0.2913],
        [0.2701, 0.2704, 0.2708,  ..., 0.2920, 0.2922, 0.2924],
        ...,
        [0.3070, 0.3130, 0.3190,  ..., 0.3745, 0.3750, 0.3754],
        [0.3084, 0.3136, 0.3189,  ..., 0.3749, 0.3748, 0.3748],
        [0.3098, 0.3142, 0.3187,  ..., 0.3752, 0.3747, 0.3741]],
       device='cuda:2', grad_fn=<SelectBackward>)
tensor([[   1,    2,    3,  ..., 1020, 1021, 1021],
        [   1,    2,    3,  ..., 1020, 1021, 1021],
        [   2,    2,    3,  ..., 1020, 1021, 1022],
        ...,
        [   0,    0,    1,  ..., 1020, 1021, 1022],
        [   0,    0,    1,  ..., 1020, 1021, 1022],
        [   0,    0,    1,  ..., 1020, 1021, 1022]], device='cuda:0')
tensor([[   0,    1,    3,  ..., 1020, 1021, 1022],
        [   0,    1,    3,  ..., 1020, 1021, 1022],
        [   1,    2,    3,  ..., 1020, 1021, 1022],
        ...,
        [   0,    0,    0,  ..., 1023, 1023, 1023],
        [   0,    0,    0,  ..., 1023, 1023, 1023],
        [   0,    0,    0,  ..., 1023, 1023, 1023]], device='cuda:2')
tensor([[  0,   0,   0,  ...,   3,   3,   2],
        [  1,   1,   1,  ...,   4,   4,   3],
        [  2,   2,   2,  ...,   5,   5,   5],
        ...,
        [510, 510, 510,  ..., 510, 510, 510],
        [511, 511, 511,  ..., 511, 511, 511],
        [511, 511, 511,  ..., 511, 511, 511]], device='cuda:0')
tensor([[  1,   1,   1,  ...,   2,   2,   2],
        [  2,   2,   3,  ...,   3,   3,   3],
        [  4,   4,   4,  ...,   5,   5,   5],
        ...,
        [511, 511, 511,  ..., 511, 511, 511],
        [511, 511, 511,  ..., 511, 511, 511],
        [511, 511, 511,  ..., 511, 511, 511]], device='cuda:2')
f tensor([[0.2568, 0.2569, 0.2570,  ..., 0.2956, 0.2965, 0.2974],
        [0.2562, 0.2562, 0.2561,  ..., 0.3021, 0.3026, 0.3032],
        [0.2557, 0.2555, 0.2552,  ..., 0.3085, 0.3088, 0.3090],
        ...,
        [0.3549, 0.3604, 0.3659,  ..., 0.4476, 0.4472, 0.4467],
        [0.3527, 0.3579, 0.3631,  ..., 0.4454, 0.4446, 0.4438],
        [0.3505, 0.3554, 0.3604,  ..., 0.4432, 0.4421, 0.4410]],
       device='cuda:0', grad_fn=<SelectBackward>)
tensor([[   0,    1,    1,  ..., 1023, 1023, 1023],
        [   0,    1,    2,  ..., 1023, 1023, 1023],
        [   0,    1,    2,  ..., 1023, 1023, 1023],
        ...,
        [   0,    0,    1,  ..., 1018, 1018, 1019],
        [   0,    0,    1,  ..., 1018, 1019, 1020],
        [   0,    0,    1,  ..., 1018, 1019, 1020]], device='cuda:0')
tensor([[  0,   0,   0,  ...,   0,   1,   1],
        [  1,   1,   1,  ...,   1,   1,   2],
        [  3,   3,   3,  ...,   2,   2,   2],
        ...,
        [511, 511, 511,  ..., 508, 508, 508],
        [511, 511, 511,  ..., 509, 509, 509],
        [511, 511, 511,  ..., 511, 511, 511]], device='cuda:0')
f tensor([[0.2546, 0.2551, 0.2555,  ..., 0.3121, 0.3152, 0.3184],
        [0.2554, 0.2556, 0.2558,  ..., 0.3157, 0.3187, 0.3217],
        [0.2561, 0.2561, 0.2561,  ..., 0.3193, 0.3221, 0.3249],
        ...,
        [0.3309, 0.3384, 0.3458,  ..., 0.3061, 0.3058, 0.3055],
        [0.3314, 0.3382, 0.3449,  ..., 0.3067, 0.3066, 0.3064],
        [0.3319, 0.3380, 0.3440,  ..., 0.3074, 0.3074, 0.3073]],
       device='cuda:2', grad_fn=<SelectBackward>)
tensor([[   0,    1,    2,  ..., 1018, 1019, 1020],
        [   0,    1,    2,  ..., 1018, 1019, 1020],
        [   0,    1,    2,  ..., 1018, 1019, 1020],
        ...,
        [   0,    0,    1,  ..., 1020, 1020, 1021],
        [   0,    0,    1,  ..., 1020, 1020, 1021],
        [   0,    0,    1,  ..., 1019, 1020, 1020]], device='cuda:2')
tensor([[  1,   1,   1,  ...,   2,   3,   3],
        [  2,   2,   2,  ...,   4,   4,   4],
        [  3,   3,   4,  ...,   5,   5,   5],
        ...,
        [511, 511, 511,  ..., 511, 511, 511],
        [511, 511, 511,  ..., 511, 511, 511],
        [511, 511, 511,  ..., 511, 511, 511]], device='cuda:2')
f tensor([[0.3961, 0.4039, 0.4116,  ..., 0.3317, 0.3294, 0.3270],
        [0.4016, 0.4096, 0.4176,  ..., 0.3326, 0.3302, 0.3278],
        [0.4071, 0.4153, 0.4235,  ..., 0.3336, 0.3310, 0.3285],
        ...,
        [0.3388, 0.3436, 0.3485,  ..., 0.3777, 0.3794, 0.3811],
        [0.3381, 0.3428, 0.3475,  ..., 0.3789, 0.3808, 0.3826],
        [0.3375, 0.3420, 0.3465,  ..., 0.3800, 0.3821, 0.3842]],
       device='cuda:1', grad_fn=<SelectBackward>)
tensor([[   0,    0,    1,  ..., 1022, 1023, 1023],
        [   0,    0,    1,  ..., 1022, 1023, 1023],
        [   0,    0,    0,  ..., 1022, 1023, 1023],
        ...,
        [   0,    1,    2,  ..., 1022, 1022, 1023],
        [   0,    1,    2,  ..., 1022, 1022, 1023],
        [   0,    1,    2,  ..., 1022, 1023, 1023]], device='cuda:1')
tensor([[  0,   0,   0,  ...,   0,   0,   0],
        [  0,   0,   0,  ...,   0,   0,   0],
        [  1,   1,   1,  ...,   1,   1,   0],
        ...,
        [511, 511, 511,  ..., 510, 510, 509],
        [511, 511, 511,  ..., 511, 511, 511],
        [511, 511, 511,  ..., 511, 511, 511]], device='cuda:1')
f tensor([[0.3968, 0.3997, 0.4026,  ..., 0.2905, 0.2903, 0.2900],
        [0.4038, 0.4070, 0.4102,  ..., 0.2904, 0.2905, 0.2906],
        [0.4108, 0.4143, 0.4178,  ..., 0.2904, 0.2908, 0.2912],
        ...,
        [0.3472, 0.3508, 0.3543,  ..., 0.3491, 0.3475, 0.3458],
        [0.3460, 0.3487, 0.3515,  ..., 0.3495, 0.3485, 0.3475],
        [0.3447, 0.3467, 0.3487,  ..., 0.3498, 0.3496, 0.3493]],
       device='cuda:1', grad_fn=<SelectBackward>)
tensor([[   0,    0,    0,  ..., 1019, 1020, 1020],
        [   0,    0,    0,  ..., 1019, 1020, 1021],
        [   0,    0,    0,  ..., 1019, 1020, 1021],
        ...,
        [   0,    0,    1,  ..., 1019, 1020, 1020],
        [   0,    0,    1,  ..., 1019, 1020, 1020],
        [   0,    1,    1,  ..., 1019, 1020, 1020]], device='cuda:1')
tensor([[  4,   4,   4,  ...,   1,   1,   1],
        [  5,   5,   5,  ...,   2,   2,   3],
        [  6,   6,   6,  ...,   4,   4,   4],
        ...,
        [511, 511, 511,  ..., 511, 511, 511],
        [511, 511, 511,  ..., 511, 511, 511],
        [511, 511, 511,  ..., 511, 511, 511]], device='cuda:1')
f tensor([[0.3307, 0.3331, 0.3356,  ..., 0.2571, 0.2591, 0.2610],
        [0.3315, 0.3342, 0.3368,  ..., 0.2584, 0.2603, 0.2622],
        [0.3324, 0.3352, 0.3380,  ..., 0.2597, 0.2615, 0.2633],
        ...,
        [0.3263, 0.3359, 0.3455,  ..., 0.4374, 0.4352, 0.4329],
        [0.3239, 0.3332, 0.3425,  ..., 0.4359, 0.4333, 0.4307],
        [0.3214, 0.3304, 0.3395,  ..., 0.4344, 0.4315, 0.4285]],
       device='cuda:1', grad_fn=<SelectBackward>)
tensor([[   0,    0,    0,  ..., 1021, 1022, 1022],
        [   0,    0,    0,  ..., 1021, 1022, 1023],
        [   0,    0,    0,  ..., 1021, 1022, 1023],
        ...,
        [   0,    0,    0,  ..., 1022, 1022, 1023],
        [   0,    0,    0,  ..., 1022, 1023, 1023],
        [   0,    0,    0,  ..., 1022, 1023, 1023]], device='cuda:1')
tensor([[  1,   1,   1,  ...,   2,   2,   3],
        [  2,   2,   2,  ...,   4,   4,   4],
        [  3,   3,   3,  ...,   5,   5,   5],
        ...,
        [511, 511, 511,  ..., 511, 511, 511],
        [511, 511, 511,  ..., 511, 511, 511],
        [511, 511, 511,  ..., 511, 511, 511]], device='cuda:1')
f tensor([[0.2549, 0.2555, 0.2561,  ..., 0.2734, 0.2746, 0.2758],
        [0.2547, 0.2551, 0.2555,  ..., 0.2743, 0.2754, 0.2766],
        [0.2546, 0.2548, 0.2550,  ..., 0.2751, 0.2762, 0.2774],
        ...,
        [0.3286, 0.3349, 0.3413,  ..., 0.3447, 0.3395, 0.3343],
        [0.3275, 0.3331, 0.3388,  ..., 0.3424, 0.3371, 0.3317],
        [0.3264, 0.3314, 0.3363,  ..., 0.3402, 0.3347, 0.3291]],
       device='cuda:3', grad_fn=<SelectBackward>)
tensor([[   0,    1,    2,  ..., 1020, 1020, 1021],
        [   0,    1,    2,  ..., 1020, 1021, 1022],
        [   0,    1,    2,  ..., 1020, 1021, 1022],
        ...,
        [   0,    0,    1,  ..., 1021, 1022, 1023],
        [   0,    0,    1,  ..., 1021, 1022, 1023],
        [   0,    0,    1,  ..., 1021, 1022, 1022]], device='cuda:3')
tensor([[  1,   1,   1,  ...,   1,   1,   1],
        [  2,   2,   2,  ...,   3,   3,   3],
        [  3,   3,   3,  ...,   4,   4,   4],
        ...,
        [511, 511, 511,  ..., 511, 511, 511],
        [511, 511, 511,  ..., 511, 511, 511],
        [511, 511, 511,  ..., 511, 511, 511]], device='cuda:3')
f tensor([[0.2712, 0.2713, 0.2714,  ..., 0.2950, 0.2925, 0.2899],
        [0.2716, 0.2722, 0.2727,  ..., 0.3001, 0.2971, 0.2941],
        [0.2720, 0.2730, 0.2740,  ..., 0.3052, 0.3017, 0.2982],
        ...,
        [0.3878, 0.3964, 0.4049,  ..., 0.4192, 0.4174, 0.4157],
        [0.3901, 0.3982, 0.4063,  ..., 0.4157, 0.4139, 0.4120],
        [0.3924, 0.4000, 0.4077,  ..., 0.4123, 0.4103, 0.4083]],
       device='cuda:3', grad_fn=<SelectBackward>)
tensor([[   0,    0,    1,  ..., 1020, 1021, 1021],
        [   0,    0,    1,  ..., 1021, 1021, 1021],
        [   0,    0,    1,  ..., 1021, 1021, 1022],
        ...,
        [   0,    0,    1,  ..., 1022, 1023, 1023],
        [   0,    0,    1,  ..., 1022, 1023, 1023],
        [   0,    1,    1,  ..., 1022, 1023, 1023]], device='cuda:3')
tensor([[  2,   2,   2,  ...,   3,   3,   2],
        [  3,   3,   3,  ...,   4,   4,   3],
        [  4,   4,   4,  ...,   5,   5,   5],
        ...,
        [511, 511, 511,  ..., 508, 508, 508],
        [511, 511, 511,  ..., 509, 509, 509],
        [511, 511, 511,  ..., 510, 510, 510]], device='cuda:3')
f tensor([[0.2801, 0.2796, 0.2790,  ..., 0.3225, 0.3227, 0.3229],
        [0.2793, 0.2794, 0.2795,  ..., 0.3295, 0.3285, 0.3275],
        [0.2785, 0.2793, 0.2800,  ..., 0.3364, 0.3342, 0.3321],
        ...,
        [0.3522, 0.3551, 0.3581,  ..., 0.4314, 0.4280, 0.4246],
        [0.3573, 0.3586, 0.3599,  ..., 0.4296, 0.4260, 0.4224],
        [0.3623, 0.3621, 0.3618,  ..., 0.4279, 0.4240, 0.4201]],
       device='cuda:3', grad_fn=<SelectBackward>)
tensor([[   0,    1,    2,  ..., 1019, 1020, 1020],
        [   0,    1,    2,  ..., 1019, 1020, 1021],
        [   0,    1,    2,  ..., 1020, 1020, 1021],
        ...,
        [   0,    0,    0,  ..., 1021, 1022, 1022],
        [   0,    0,    0,  ..., 1021, 1022, 1022],
        [   0,    0,    0,  ..., 1021, 1022, 1022]], device='cuda:3')
tensor([[  2,   2,   2,  ...,   3,   2,   2],
        [  3,   3,   3,  ...,   4,   4,   3],
        [  4,   4,   4,  ...,   5,   5,   4],
        ...,
        [511, 511, 511,  ..., 511, 511, 511],
        [511, 511, 511,  ..., 511, 511, 511],
        [511, 511, 511,  ..., 511, 511, 511]], device='cuda:3')
Traceback (most recent call last):
  File "tools/train.py", line 307, in <module>
    main()
  File "tools/train.py", line 271, in main
    device)
  File "/scratch_net/petzi/salexandropo/Documents/Diploma_Thesis/Semantic Segmentation/V2/HRNet-Semantic-Segmentation-pytorch-v1.1/tools/../lib/core/function.py", line 69, in train
    loss.backward()
  File "/scratch_net/petzi/salexandropo/anaconda3/envs/train/lib/python3.6/site-packages/torch/tensor.py", line 107, in backward
    torch.autograd.backward(self, gradient, retain_graph, create_graph)
  File "/scratch_net/petzi/salexandropo/anaconda3/envs/train/lib/python3.6/site-packages/torch/autograd/__init__.py", line 93, in backward
    allow_unreachable=True)  # allow_unreachable flag
RuntimeError: CUDA out of memory. Tried to allocate 114.00 MiB (GPU 0; 10.92 GiB total capacity; 9.84 GiB already allocated; 105.44 MiB free; 445.00 MiB cached)
Traceback (most recent call last):
  File "/scratch_net/petzi/salexandropo/anaconda3/envs/train/lib/python3.6/runpy.py", line 193, in _run_module_as_main
    "__main__", mod_spec)
  File "/scratch_net/petzi/salexandropo/anaconda3/envs/train/lib/python3.6/runpy.py", line 85, in _run_code
    exec(code, run_globals)
  File "/scratch_net/petzi/salexandropo/anaconda3/envs/train/lib/python3.6/site-packages/torch/distributed/launch.py", line 235, in <module>
    main()
  File "/scratch_net/petzi/salexandropo/anaconda3/envs/train/lib/python3.6/site-packages/torch/distributed/launch.py", line 231, in main
    cmd=process.args)
subprocess.CalledProcessError: Command '['/scratch_net/petzi/salexandropo/anaconda3/envs/train/bin/python3', '-u', 'tools/train.py', '--local_rank=0', '--cfg', 'experiments/cityscapes/seg_hrnet_w48_train_ohem_512x1024_sgd_lr1e-2_wd5e-4_bs_12_epoch484.yaml']' returned non-zero exit status 1.
