=> creating output/acdc/seg_hrnet_acdc_w48_train_ohem_512x1024_sgd_lr1e-2_wd5e-4_bs_12_epoch484
=> creating output/acdc/seg_hrnet_acdc_w48_train_ohem_512x1024_sgd_lr1e-2_wd5e-4_bs_12_epoch484
=> creating output/acdc/seg_hrnet_acdc_w48_train_ohem_512x1024_sgd_lr1e-2_wd5e-4_bs_12_epoch484
=> creating output/acdc/seg_hrnet_acdc_w48_train_ohem_512x1024_sgd_lr1e-2_wd5e-4_bs_12_epoch484
=> creating log/acdc/seg_hrnet/seg_hrnet_acdc_w48_train_ohem_512x1024_sgd_lr1e-2_wd5e-4_bs_12_epoch484_2022-03-28-11-55
=> creating log/acdc/seg_hrnet/seg_hrnet_acdc_w48_train_ohem_512x1024_sgd_lr1e-2_wd5e-4_bs_12_epoch484_2022-03-28-11-55
=> creating log/acdc/seg_hrnet/seg_hrnet_acdc_w48_train_ohem_512x1024_sgd_lr1e-2_wd5e-4_bs_12_epoch484_2022-03-28-11-55
=> creating log/acdc/seg_hrnet/seg_hrnet_acdc_w48_train_ohem_512x1024_sgd_lr1e-2_wd5e-4_bs_12_epoch484_2022-03-28-11-55
Namespace(cfg='experiments/acdc/seg_hrnet_acdc_w48_train_ohem_512x1024_sgd_lr1e-2_wd5e-4_bs_12_epoch484.yaml', local_rank=2, opts=[])
Namespace(cfg='experiments/acdc/seg_hrnet_acdc_w48_train_ohem_512x1024_sgd_lr1e-2_wd5e-4_bs_12_epoch484.yaml', local_rank=3, opts=[])
AUTO_RESUME: False
CUDNN:
  BENCHMARK: True
  DETERMINISTIC: False
  ENABLED: True
DATASET:
  DATASET: acdc
  EXTRA_TRAIN_SET: 
  NUM_CLASSES: 19
  ROOT: data/
  TEST_SET: list/acdc/val.lst
  TRAIN_SET: list/acdc/train.lst
DEBUG:
  DEBUG: False
  SAVE_BATCH_IMAGES_GT: False
  SAVE_BATCH_IMAGES_PRED: False
  SAVE_HEATMAPS_GT: False
  SAVE_HEATMAPS_PRED: False
GPUS: (0, 1, 2, 3)
LOG_DIR: log
LOSS:
  CLASS_BALANCE: True
  OHEMKEEP: 131072
  OHEMTHRES: 0.9
  USE_OHEM: True
MODEL:
  EXTRA:
    FINAL_CONV_KERNEL: 1
    STAGE1:
      BLOCK: BOTTLENECK
      FUSE_METHOD: SUM
      NUM_BLOCKS: [4]
      NUM_CHANNELS: [64]
      NUM_MODULES: 1
      NUM_RANCHES: 1
    STAGE2:
      BLOCK: BASIC
      FUSE_METHOD: SUM
      NUM_BLOCKS: [4, 4]
      NUM_BRANCHES: 2
      NUM_CHANNELS: [48, 96]
      NUM_MODULES: 1
    STAGE3:
      BLOCK: BASIC
      FUSE_METHOD: SUM
      NUM_BLOCKS: [4, 4, 4]
      NUM_BRANCHES: 3
      NUM_CHANNELS: [48, 96, 192]
      NUM_MODULES: 4
    STAGE4:
      BLOCK: BASIC
      FUSE_METHOD: SUM
      NUM_BLOCKS: [4, 4, 4, 4]
      NUM_BRANCHES: 4
      NUM_CHANNELS: [48, 96, 192, 384]
      NUM_MODULES: 3
  NAME: seg_hrnet
  PRETRAINED: pretrained_models/hrnetv2_w48_imagenet_pretrained.pth
OUTPUT_DIR: output
PIN_MEMORY: True
PRINT_FREQ: 100
RANK: 0
TEST:
  BASE_SIZE: 1920
  BATCH_SIZE_PER_GPU: 4
  CENTER_CROP_TEST: False
  FLIP_TEST: False
  IMAGE_SIZE: [1920, 1080]
  MODEL_FILE: 
  MULTI_SCALE: False
  NUM_SAMPLES: 0
  SCALE_LIST: [1]
TRAIN:
  BASE_SIZE: 1920
  BATCH_SIZE_PER_GPU: 3
  BEGIN_EPOCH: 0
  DOWNSAMPLERATE: 1
  END_EPOCH: 484
  EXTRA_EPOCH: 0
  EXTRA_LR: 0.001
  FLIP: True
  IGNORE_LABEL: 255
  IMAGE_SIZE: [960, 540]
  LR: 0.01
  LR_FACTOR: 0.1
  LR_STEP: [90, 110]
  MOMENTUM: 0.9
  MULTI_SCALE: True
  NESTEROV: False
  NUM_SAMPLES: 0
  OPTIMIZER: sgd
  RESUME: True
  SCALE_FACTOR: 16
  SHUFFLE: True
  WD: 0.0005
WORKERS: 4
Namespace(cfg='experiments/acdc/seg_hrnet_acdc_w48_train_ohem_512x1024_sgd_lr1e-2_wd5e-4_bs_12_epoch484.yaml', local_rank=0, opts=[])
AUTO_RESUME: False
CUDNN:
  BENCHMARK: True
  DETERMINISTIC: False
  ENABLED: True
DATASET:
  DATASET: acdc
  EXTRA_TRAIN_SET: 
  NUM_CLASSES: 19
  ROOT: data/
  TEST_SET: list/acdc/val.lst
  TRAIN_SET: list/acdc/train.lst
DEBUG:
  DEBUG: False
  SAVE_BATCH_IMAGES_GT: False
  SAVE_BATCH_IMAGES_PRED: False
  SAVE_HEATMAPS_GT: False
  SAVE_HEATMAPS_PRED: False
GPUS: (0, 1, 2, 3)
LOG_DIR: log
LOSS:
  CLASS_BALANCE: True
  OHEMKEEP: 131072
  OHEMTHRES: 0.9
  USE_OHEM: True
MODEL:
  EXTRA:
    FINAL_CONV_KERNEL: 1
    STAGE1:
      BLOCK: BOTTLENECK
      FUSE_METHOD: SUM
      NUM_BLOCKS: [4]
      NUM_CHANNELS: [64]
      NUM_MODULES: 1
      NUM_RANCHES: 1
    STAGE2:
      BLOCK: BASIC
      FUSE_METHOD: SUM
      NUM_BLOCKS: [4, 4]
      NUM_BRANCHES: 2
      NUM_CHANNELS: [48, 96]
      NUM_MODULES: 1
    STAGE3:
      BLOCK: BASIC
      FUSE_METHOD: SUM
      NUM_BLOCKS: [4, 4, 4]
      NUM_BRANCHES: 3
      NUM_CHANNELS: [48, 96, 192]
      NUM_MODULES: 4
    STAGE4:
      BLOCK: BASIC
      FUSE_METHOD: SUM
      NUM_BLOCKS: [4, 4, 4, 4]
      NUM_BRANCHES: 4
      NUM_CHANNELS: [48, 96, 192, 384]
      NUM_MODULES: 3
  NAME: seg_hrnet
  PRETRAINED: pretrained_models/hrnetv2_w48_imagenet_pretrained.pth
OUTPUT_DIR: output
PIN_MEMORY: True
PRINT_FREQ: 100
RANK: 0
TEST:
  BASE_SIZE: 1920
  BATCH_SIZE_PER_GPU: 4
  CENTER_CROP_TEST: False
  FLIP_TEST: False
  IMAGE_SIZE: [1920, 1080]
  MODEL_FILE: 
  MULTI_SCALE: False
  NUM_SAMPLES: 0
  SCALE_LIST: [1]
TRAIN:
  BASE_SIZE: 1920
  BATCH_SIZE_PER_GPU: 3
  BEGIN_EPOCH: 0
  DOWNSAMPLERATE: 1
  END_EPOCH: 484
  EXTRA_EPOCH: 0
  EXTRA_LR: 0.001
  FLIP: True
  IGNORE_LABEL: 255
  IMAGE_SIZE: [960, 540]
  LR: 0.01
  LR_FACTOR: 0.1
  LR_STEP: [90, 110]
  MOMENTUM: 0.9
  MULTI_SCALE: True
  NESTEROV: False
  NUM_SAMPLES: 0
  OPTIMIZER: sgd
  RESUME: True
  SCALE_FACTOR: 16
  SHUFFLE: True
  WD: 0.0005
WORKERS: 4
Namespace(cfg='experiments/acdc/seg_hrnet_acdc_w48_train_ohem_512x1024_sgd_lr1e-2_wd5e-4_bs_12_epoch484.yaml', local_rank=1, opts=[])
AUTO_RESUME: False
CUDNN:
  BENCHMARK: True
  DETERMINISTIC: False
  ENABLED: True
DATASET:
  DATASET: acdc
  EXTRA_TRAIN_SET: 
  NUM_CLASSES: 19
  ROOT: data/
  TEST_SET: list/acdc/val.lst
  TRAIN_SET: list/acdc/train.lst
DEBUG:
  DEBUG: False
  SAVE_BATCH_IMAGES_GT: False
  SAVE_BATCH_IMAGES_PRED: False
  SAVE_HEATMAPS_GT: False
  SAVE_HEATMAPS_PRED: False
GPUS: (0, 1, 2, 3)
LOG_DIR: log
LOSS:
  CLASS_BALANCE: True
  OHEMKEEP: 131072
  OHEMTHRES: 0.9
  USE_OHEM: True
MODEL:
  EXTRA:
    FINAL_CONV_KERNEL: 1
    STAGE1:
      BLOCK: BOTTLENECK
      FUSE_METHOD: SUM
      NUM_BLOCKS: [4]
      NUM_CHANNELS: [64]
      NUM_MODULES: 1
      NUM_RANCHES: 1
    STAGE2:
      BLOCK: BASIC
      FUSE_METHOD: SUM
      NUM_BLOCKS: [4, 4]
      NUM_BRANCHES: 2
      NUM_CHANNELS: [48, 96]
      NUM_MODULES: 1
    STAGE3:
      BLOCK: BASIC
      FUSE_METHOD: SUM
      NUM_BLOCKS: [4, 4, 4]
      NUM_BRANCHES: 3
      NUM_CHANNELS: [48, 96, 192]
      NUM_MODULES: 4
    STAGE4:
      BLOCK: BASIC
      FUSE_METHOD: SUM
      NUM_BLOCKS: [4, 4, 4, 4]
      NUM_BRANCHES: 4
      NUM_CHANNELS: [48, 96, 192, 384]
      NUM_MODULES: 3
  NAME: seg_hrnet
  PRETRAINED: pretrained_models/hrnetv2_w48_imagenet_pretrained.pth
OUTPUT_DIR: output
PIN_MEMORY: True
PRINT_FREQ: 100
RANK: 0
TEST:
  BASE_SIZE: 1920
  BATCH_SIZE_PER_GPU: 4
  CENTER_CROP_TEST: False
  FLIP_TEST: False
  IMAGE_SIZE: [1920, 1080]
  MODEL_FILE: 
  MULTI_SCALE: False
  NUM_SAMPLES: 0
  SCALE_LIST: [1]
TRAIN:
  BASE_SIZE: 1920
  BATCH_SIZE_PER_GPU: 3
  BEGIN_EPOCH: 0
  DOWNSAMPLERATE: 1
  END_EPOCH: 484
  EXTRA_EPOCH: 0
  EXTRA_LR: 0.001
  FLIP: True
  IGNORE_LABEL: 255
  IMAGE_SIZE: [960, 540]
  LR: 0.01
  LR_FACTOR: 0.1
  LR_STEP: [90, 110]
  MOMENTUM: 0.9
  MULTI_SCALE: True
  NESTEROV: False
  NUM_SAMPLES: 0
  OPTIMIZER: sgd
  RESUME: True
  SCALE_FACTOR: 16
  SHUFFLE: True
  WD: 0.0005
WORKERS: 4
AUTO_RESUME: False
CUDNN:
  BENCHMARK: True
  DETERMINISTIC: False
  ENABLED: True
DATASET:
  DATASET: acdc
  EXTRA_TRAIN_SET: 
  NUM_CLASSES: 19
  ROOT: data/
  TEST_SET: list/acdc/val.lst
  TRAIN_SET: list/acdc/train.lst
DEBUG:
  DEBUG: False
  SAVE_BATCH_IMAGES_GT: False
  SAVE_BATCH_IMAGES_PRED: False
  SAVE_HEATMAPS_GT: False
  SAVE_HEATMAPS_PRED: False
GPUS: (0, 1, 2, 3)
LOG_DIR: log
LOSS:
  CLASS_BALANCE: True
  OHEMKEEP: 131072
  OHEMTHRES: 0.9
  USE_OHEM: True
MODEL:
  EXTRA:
    FINAL_CONV_KERNEL: 1
    STAGE1:
      BLOCK: BOTTLENECK
      FUSE_METHOD: SUM
      NUM_BLOCKS: [4]
      NUM_CHANNELS: [64]
      NUM_MODULES: 1
      NUM_RANCHES: 1
    STAGE2:
      BLOCK: BASIC
      FUSE_METHOD: SUM
      NUM_BLOCKS: [4, 4]
      NUM_BRANCHES: 2
      NUM_CHANNELS: [48, 96]
      NUM_MODULES: 1
    STAGE3:
      BLOCK: BASIC
      FUSE_METHOD: SUM
      NUM_BLOCKS: [4, 4, 4]
      NUM_BRANCHES: 3
      NUM_CHANNELS: [48, 96, 192]
      NUM_MODULES: 4
    STAGE4:
      BLOCK: BASIC
      FUSE_METHOD: SUM
      NUM_BLOCKS: [4, 4, 4, 4]
      NUM_BRANCHES: 4
      NUM_CHANNELS: [48, 96, 192, 384]
      NUM_MODULES: 3
  NAME: seg_hrnet
  PRETRAINED: pretrained_models/hrnetv2_w48_imagenet_pretrained.pth
OUTPUT_DIR: output
PIN_MEMORY: True
PRINT_FREQ: 100
RANK: 0
TEST:
  BASE_SIZE: 1920
  BATCH_SIZE_PER_GPU: 4
  CENTER_CROP_TEST: False
  FLIP_TEST: False
  IMAGE_SIZE: [1920, 1080]
  MODEL_FILE: 
  MULTI_SCALE: False
  NUM_SAMPLES: 0
  SCALE_LIST: [1]
TRAIN:
  BASE_SIZE: 1920
  BATCH_SIZE_PER_GPU: 3
  BEGIN_EPOCH: 0
  DOWNSAMPLERATE: 1
  END_EPOCH: 484
  EXTRA_EPOCH: 0
  EXTRA_LR: 0.001
  FLIP: True
  IGNORE_LABEL: 255
  IMAGE_SIZE: [960, 540]
  LR: 0.01
  LR_FACTOR: 0.1
  LR_STEP: [90, 110]
  MOMENTUM: 0.9
  MULTI_SCALE: True
  NESTEROV: False
  NUM_SAMPLES: 0
  OPTIMIZER: sgd
  RESUME: True
  SCALE_FACTOR: 16
  SHUFFLE: True
  WD: 0.0005
WORKERS: 4
Traceback (most recent call last):
  File "tools/train.py", line 309, in <module>
    main()
  File "tools/train.py", line 89, in main
    '.get_seg_model')(config)  # opens seg_hrnet.py model
  File "<string>", line 1, in <module>
Traceback (most recent call last):
  File "tools/train.py", line 309, in <module>
Traceback (most recent call last):
    main()
  File "tools/train.py", line 89, in main
  File "tools/train.py", line 309, in <module>
    '.get_seg_model')(config)  # opens seg_hrnet.py model
  File "<string>", line 1, in <module>
Traceback (most recent call last):
    main()
  File "tools/train.py", line 89, in main
  File "tools/train.py", line 309, in <module>
AttributeError: module 'models' has no attribute 'seg_hrnet'
AttributeError: module 'models' has no attribute 'seg_hrnet'
    '.get_seg_model')(config)  # opens seg_hrnet.py model
  File "<string>", line 1, in <module>
    main()
  File "tools/train.py", line 89, in main
AttributeError: module 'models' has no attribute 'seg_hrnet'
    '.get_seg_model')(config)  # opens seg_hrnet.py model
  File "<string>", line 1, in <module>
AttributeError: module 'models' has no attribute 'seg_hrnet'
Traceback (most recent call last):
  File "/scratch_net/petzi/salexandropo/anaconda3/envs/train/lib/python3.6/runpy.py", line 193, in _run_module_as_main
    "__main__", mod_spec)
  File "/scratch_net/petzi/salexandropo/anaconda3/envs/train/lib/python3.6/runpy.py", line 85, in _run_code
    exec(code, run_globals)
  File "/scratch_net/petzi/salexandropo/anaconda3/envs/train/lib/python3.6/site-packages/torch/distributed/launch.py", line 235, in <module>
    main()
  File "/scratch_net/petzi/salexandropo/anaconda3/envs/train/lib/python3.6/site-packages/torch/distributed/launch.py", line 231, in main
    cmd=process.args)
subprocess.CalledProcessError: Command '['/scratch_net/petzi/salexandropo/anaconda3/envs/train/bin/python3', '-u', 'tools/train.py', '--local_rank=0', '--cfg', 'experiments/acdc/seg_hrnet_acdc_w48_train_ohem_512x1024_sgd_lr1e-2_wd5e-4_bs_12_epoch484.yaml']' returned non-zero exit status 1.
